2021-05-11 16:39:06.635 [main] INFO  edu.gdpu.springboot.ResourceBanner - 
 _     _       _
| |   (_)     | |
| |__  _ _ __ | |__   ___  _   _
| '_ \| | '_ \| '_ \ / _ \| | | |
| |_) | | | | | |_) | (_) | |_| |
|_.__/|_|_| |_|_.__/ \___/ \__, |
                            __/ |
                           |___/

2021-05-11 16:40:53.166 [main] INFO  edu.gdpu.springboot.ResourceBanner - 
 _     _       _
| |   (_)     | |
| |__  _ _ __ | |__   ___  _   _
| '_ \| | '_ \| '_ \ / _ \| | | |
| |_) | | | | | |_) | (_) | |_| |
|_.__/|_|_| |_|_.__/ \___/ \__, |
                            __/ |
                           |___/

2021-05-11 16:41:37.189 [main] INFO  edu.gdpu.springboot.ResourceBanner - 
 _     _       _
| |   (_)     | |
| |__  _ _ __ | |__   ___  _   _
| '_ \| | '_ \| '_ \ / _ \| | | |
| |_) | | | | | |_) | (_) | |_| |
|_.__/|_|_| |_|_.__/ \___/ \__, |
                            __/ |
                           |___/

2021-05-11 16:43:07.521 [main] INFO  edu.gdpu.springboot.ResourceBanner - 
 _     _       _
| |   (_)     | |
| |__  _ _ __ | |__   ___  _   _
| '_ \| | '_ \| '_ \ / _ \| | | |
| |_) | | | | | |_) | (_) | |_| |
|_.__/|_|_| |_|_.__/ \___/ \__, |
                            __/ |
                           |___/

2021-05-11 16:44:31.555 [main] INFO  edu.gdpu.springboot.ResourceBanner - 
 _     _       _
| |   (_)     | |
| |__  _ _ __ | |__   ___  _   _
| '_ \| | '_ \| '_ \ / _ \| | | |
| |_) | | | | | |_) | (_) | |_| |
|_.__/|_|_| |_|_.__/ \___/ \__, |
                            __/ |
                           |___/

2021-05-11 16:47:29.381 [main] INFO  edu.gdpu.springboot.ResourceBanner - 
 _     _       _
| |   (_)     | |
| |__  _ _ __ | |__   ___  _   _
| '_ \| | '_ \| '_ \ / _ \| | | |
| |_) | | | | | |_) | (_) | |_| |
|_.__/|_|_| |_|_.__/ \___/ \__, |
                            __/ |
                           |___/

2021-05-11 16:48:09.039 [main] INFO  edu.gdpu.springboot.ResourceBanner - 
 _     _       _
| |   (_)     | |
| |__  _ _ __ | |__   ___  _   _
| '_ \| | '_ \| '_ \ / _ \| | | |
| |_) | | | | | |_) | (_) | |_| |
|_.__/|_|_| |_|_.__/ \___/ \__, |
                            __/ |
                           |___/

2021-05-11 16:48:18.262 [main] INFO  e.g.springboot.web.embedded.tomcat.TomcatWebServer - tomcat Start on，port：0contextPath：
2021-05-11 16:49:20.785 [main] INFO  edu.gdpu.springboot.ResourceBanner - 
 _     _       _
| |   (_)     | |
| |__  _ _ __ | |__   ___  _   _
| '_ \| | '_ \| '_ \ / _ \| | | |
| |_) | | | | | |_) | (_) | |_| |
|_.__/|_|_| |_|_.__/ \___/ \__, |
                            __/ |
                           |___/

2021-05-11 16:49:26.112 [main] INFO  e.g.springboot.web.embedded.tomcat.TomcatWebServer - tomcat Start on，port：0contextPath：
2021-05-11 16:52:02.534 [main] INFO  edu.gdpu.springboot.ResourceBanner - 
 _     _       _
| |   (_)     | |
| |__  _ _ __ | |__   ___  _   _
| '_ \| | '_ \| '_ \ / _ \| | | |
| |_) | | | | | |_) | (_) | |_| |
|_.__/|_|_| |_|_.__/ \___/ \__, |
                            __/ |
                           |___/

2021-05-11 16:52:08.112 [main] INFO  e.g.springboot.web.embedded.tomcat.TomcatWebServer - tomcat Start on,port：0contextPath：/
2021-05-11 16:56:40.215 [main] INFO  edu.gdpu.springboot.ResourceBanner - 
 _     _       _
| |   (_)     | |
| |__  _ _ __ | |__   ___  _   _
| '_ \| | '_ \| '_ \ / _ \| | | |
| |_) | | | | | |_) | (_) | |_| |
|_.__/|_|_| |_|_.__/ \___/ \__, |
                            __/ |
                           |___/

2021-05-11 16:56:45.322 [main] INFO  e.g.springboot.web.embedded.tomcat.TomcatWebServer - tomcat Start on,port：0contextPath：/
2021-05-11 16:57:58.255 [main] INFO  edu.gdpu.springboot.ResourceBanner - 
 _     _       _
| |   (_)     | |
| |__  _ _ __ | |__   ___  _   _
| '_ \| | '_ \| '_ \ / _ \| | | |
| |_) | | | | | |_) | (_) | |_| |
|_.__/|_|_| |_|_.__/ \___/ \__, |
                            __/ |
                           |___/

2021-05-11 16:58:50.188 [main] INFO  edu.gdpu.springboot.ResourceBanner - 
 _     _       _
| |   (_)     | |
| |__  _ _ __ | |__   ___  _   _
| '_ \| | '_ \| '_ \ / _ \| | | |
| |_) | | | | | |_) | (_) | |_| |
|_.__/|_|_| |_|_.__/ \___/ \__, |
                            __/ |
                           |___/

2021-05-11 16:58:55.396 [main] INFO  e.g.springboot.web.embedded.tomcat.TomcatWebServer - tomcat Start on,port：0contextPath：/
2021-05-11 16:59:14.515 [main] INFO  edu.gdpu.springboot.ResourceBanner - 
 _     _       _
| |   (_)     | |
| |__  _ _ __ | |__   ___  _   _
| '_ \| | '_ \| '_ \ / _ \| | | |
| |_) | | | | | |_) | (_) | |_| |
|_.__/|_|_| |_|_.__/ \___/ \__, |
                            __/ |
                           |___/

2021-05-11 16:59:19.904 [main] INFO  e.g.springboot.web.embedded.tomcat.TomcatWebServer - tomcat Start on,port：0contextPath：/
2021-05-11 17:00:04.918 [main] INFO  edu.gdpu.springboot.ResourceBanner - 
 _     _       _
| |   (_)     | |
| |__  _ _ __ | |__   ___  _   _
| '_ \| | '_ \| '_ \ / _ \| | | |
| |_) | | | | | |_) | (_) | |_| |
|_.__/|_|_| |_|_.__/ \___/ \__, |
                            __/ |
                           |___/

2021-05-11 17:00:29.000 [main] INFO  edu.gdpu.springboot.ResourceBanner - 
 _     _       _
| |   (_)     | |
| |__  _ _ __ | |__   ___  _   _
| '_ \| | '_ \| '_ \ / _ \| | | |
| |_) | | | | | |_) | (_) | |_| |
|_.__/|_|_| |_|_.__/ \___/ \__, |
                            __/ |
                           |___/

2021-05-11 17:01:37.270 [main] INFO  edu.gdpu.springboot.ResourceBanner - 
 _     _       _
| |   (_)     | |
| |__  _ _ __ | |__   ___  _   _
| '_ \| | '_ \| '_ \ / _ \| | | |
| |_) | | | | | |_) | (_) | |_| |
|_.__/|_|_| |_|_.__/ \___/ \__, |
                            __/ |
                           |___/

2021-05-11 17:01:54.847 [main] INFO  edu.gdpu.springboot.ResourceBanner - 
 _     _       _
| |   (_)     | |
| |__  _ _ __ | |__   ___  _   _
| '_ \| | '_ \| '_ \ / _ \| | | |
| |_) | | | | | |_) | (_) | |_| |
|_.__/|_|_| |_|_.__/ \___/ \__, |
                            __/ |
                           |___/

2021-05-11 17:04:07.679 [main] INFO  edu.gdpu.springboot.ResourceBanner - 
 _     _       _
| |   (_)     | |
| |__  _ _ __ | |__   ___  _   _
| '_ \| | '_ \| '_ \ / _ \| | | |
| |_) | | | | | |_) | (_) | |_| |
|_.__/|_|_| |_|_.__/ \___/ \__, |
                            __/ |
                           |___/

2021-05-11 17:05:12.036 [main] INFO  edu.gdpu.springboot.ResourceBanner - 
 _     _       _
| |   (_)     | |
| |__  _ _ __ | |__   ___  _   _
| '_ \| | '_ \| '_ \ / _ \| | | |
| |_) | | | | | |_) | (_) | |_| |
|_.__/|_|_| |_|_.__/ \___/ \__, |
                            __/ |
                           |___/

2021-05-11 17:12:12.075 [main] INFO  edu.gdpu.springboot.ResourceBanner - 
 _     _       _
| |   (_)     | |
| |__  _ _ __ | |__   ___  _   _
| '_ \| | '_ \| '_ \ / _ \| | | |
| |_) | | | | | |_) | (_) | |_| |
|_.__/|_|_| |_|_.__/ \___/ \__, |
                            __/ |
                           |___/

2021-05-11 17:15:07.332 [main] INFO  edu.gdpu.springboot.ResourceBanner - 
 _     _       _
| |   (_)     | |
| |__  _ _ __ | |__   ___  _   _
| '_ \| | '_ \| '_ \ / _ \| | | |
| |_) | | | | | |_) | (_) | |_| |
|_.__/|_|_| |_|_.__/ \___/ \__, |
                            __/ |
                           |___/

2021-05-11 17:15:29.486 [main] INFO  edu.gdpu.springboot.ResourceBanner - 
 _     _       _
| |   (_)     | |
| |__  _ _ __ | |__   ___  _   _
| '_ \| | '_ \| '_ \ / _ \| | | |
| |_) | | | | | |_) | (_) | |_| |
|_.__/|_|_| |_|_.__/ \___/ \__, |
                            __/ |
                           |___/

2021-05-11 17:19:50.573 [main] INFO  edu.gdpu.springboot.ResourceBanner - 
 _     _       _
| |   (_)     | |
| |__  _ _ __ | |__   ___  _   _
| '_ \| | '_ \| '_ \ / _ \| | | |
| |_) | | | | | |_) | (_) | |_| |
|_.__/|_|_| |_|_.__/ \___/ \__, |
                            __/ |
                           |___/

2021-05-11 17:23:53.988 [main] INFO  edu.gdpu.springboot.ResourceBanner - 
 _     _       _
| |   (_)     | |
| |__  _ _ __ | |__   ___  _   _
| '_ \| | '_ \| '_ \ / _ \| | | |
| |_) | | | | | |_) | (_) | |_| |
|_.__/|_|_| |_|_.__/ \___/ \__, |
                            __/ |
                           |___/

2021-05-11 17:25:02.061 [main] INFO  edu.gdpu.springboot.ResourceBanner - 
 _     _       _
| |   (_)     | |
| |__  _ _ __ | |__   ___  _   _
| '_ \| | '_ \| '_ \ / _ \| | | |
| |_) | | | | | |_) | (_) | |_| |
|_.__/|_|_| |_|_.__/ \___/ \__, |
                            __/ |
                           |___/

2021-05-11 17:26:14.890 [main] INFO  edu.gdpu.springboot.ResourceBanner - 
 _     _       _
| |   (_)     | |
| |__  _ _ __ | |__   ___  _   _
| '_ \| | '_ \| '_ \ / _ \| | | |
| |_) | | | | | |_) | (_) | |_| |
|_.__/|_|_| |_|_.__/ \___/ \__, |
                            __/ |
                           |___/

2021-05-11 17:28:28.690 [main] INFO  edu.gdpu.springboot.ResourceBanner - 
 _     _       _
| |   (_)     | |
| |__  _ _ __ | |__   ___  _   _
| '_ \| | '_ \| '_ \ / _ \| | | |
| |_) | | | | | |_) | (_) | |_| |
|_.__/|_|_| |_|_.__/ \___/ \__, |
                            __/ |
                           |___/

2021-05-11 17:29:38.670 [main] INFO  edu.gdpu.springboot.ResourceBanner - 
 _     _       _
| |   (_)     | |
| |__  _ _ __ | |__   ___  _   _
| '_ \| | '_ \| '_ \ / _ \| | | |
| |_) | | | | | |_) | (_) | |_| |
|_.__/|_|_| |_|_.__/ \___/ \__, |
                            __/ |
                           |___/

2021-05-11 17:31:02.854 [main] INFO  edu.gdpu.springboot.ResourceBanner - 
 _     _       _
| |   (_)     | |
| |__  _ _ __ | |__   ___  _   _
| '_ \| | '_ \| '_ \ / _ \| | | |
| |_) | | | | | |_) | (_) | |_| |
|_.__/|_|_| |_|_.__/ \___/ \__, |
                            __/ |
                           |___/

2021-05-11 17:32:15.682 [main] INFO  edu.gdpu.springboot.ResourceBanner - 
 _     _       _
| |   (_)     | |
| |__  _ _ __ | |__   ___  _   _
| '_ \| | '_ \| '_ \ / _ \| | | |
| |_) | | | | | |_) | (_) | |_| |
|_.__/|_|_| |_|_.__/ \___/ \__, |
                            __/ |
                           |___/

2021-05-11 17:32:35.674 [main] INFO  edu.gdpu.springboot.ResourceBanner - 
 _     _       _
| |   (_)     | |
| |__  _ _ __ | |__   ___  _   _
| '_ \| | '_ \| '_ \ / _ \| | | |
| |_) | | | | | |_) | (_) | |_| |
|_.__/|_|_| |_|_.__/ \___/ \__, |
                            __/ |
                           |___/

2021-05-11 17:33:51.883 [main] INFO  edu.gdpu.springboot.ResourceBanner - 
 _     _       _
| |   (_)     | |
| |__  _ _ __ | |__   ___  _   _
| '_ \| | '_ \| '_ \ / _ \| | | |
| |_) | | | | | |_) | (_) | |_| |
|_.__/|_|_| |_|_.__/ \___/ \__, |
                            __/ |
                           |___/

2021-05-11 17:34:33.902 [main] INFO  edu.gdpu.springboot.ResourceBanner - 
 _     _       _
| |   (_)     | |
| |__  _ _ __ | |__   ___  _   _
| '_ \| | '_ \| '_ \ / _ \| | | |
| |_) | | | | | |_) | (_) | |_| |
|_.__/|_|_| |_|_.__/ \___/ \__, |
                            __/ |
                           |___/

2021-05-11 17:35:02.825 [main] INFO  edu.gdpu.springboot.ResourceBanner - 
 _     _       _
| |   (_)     | |
| |__  _ _ __ | |__   ___  _   _
| '_ \| | '_ \| '_ \ / _ \| | | |
| |_) | | | | | |_) | (_) | |_| |
|_.__/|_|_| |_|_.__/ \___/ \__, |
                            __/ |
                           |___/

2021-05-11 17:35:47.343 [main] INFO  edu.gdpu.springboot.ResourceBanner - 
 _     _       _
| |   (_)     | |
| |__  _ _ __ | |__   ___  _   _
| '_ \| | '_ \| '_ \ / _ \| | | |
| |_) | | | | | |_) | (_) | |_| |
|_.__/|_|_| |_|_.__/ \___/ \__, |
                            __/ |
                           |___/

2021-05-11 17:38:08.309 [main] INFO  edu.gdpu.springboot.ResourceBanner - 
 _     _       _
| |   (_)     | |
| |__  _ _ __ | |__   ___  _   _
| '_ \| | '_ \| '_ \ / _ \| | | |
| |_) | | | | | |_) | (_) | |_| |
|_.__/|_|_| |_|_.__/ \___/ \__, |
                            __/ |
                           |___/

2021-05-11 17:38:51.207 [main] INFO  edu.gdpu.springboot.ResourceBanner - 
 _     _       _
| |   (_)     | |
| |__  _ _ __ | |__   ___  _   _
| '_ \| | '_ \| '_ \ / _ \| | | |
| |_) | | | | | |_) | (_) | |_| |
|_.__/|_|_| |_|_.__/ \___/ \__, |
                            __/ |
                           |___/

2021-05-11 17:39:10.203 [main] INFO  edu.gdpu.springboot.ResourceBanner - 
 _     _       _
| |   (_)     | |
| |__  _ _ __ | |__   ___  _   _
| '_ \| | '_ \| '_ \ / _ \| | | |
| |_) | | | | | |_) | (_) | |_| |
|_.__/|_|_| |_|_.__/ \___/ \__, |
                            __/ |
                           |___/

2021-05-11 17:39:15.559 [main] INFO  e.g.springboot.web.embedded.tomcat.TomcatWebServer - tomcat Start on,port：0contextPath：/
2021-05-11 17:40:22.020 [main] INFO  edu.gdpu.springboot.ResourceBanner - 
 _     _       _
| |   (_)     | |
| |__  _ _ __ | |__   ___  _   _
| '_ \| | '_ \| '_ \ / _ \| | | |
| |_) | | | | | |_) | (_) | |_| |
|_.__/|_|_| |_|_.__/ \___/ \__, |
                            __/ |
                           |___/

2021-05-11 17:40:27.346 [main] INFO  e.g.springboot.web.embedded.tomcat.TomcatWebServer - tomcat Start on,port：0contextPath：/
2021-05-11 17:41:41.188 [main] INFO  edu.gdpu.springboot.ResourceBanner - 
 _     _       _
| |   (_)     | |
| |__  _ _ __ | |__   ___  _   _
| '_ \| | '_ \| '_ \ / _ \| | | |
| |_) | | | | | |_) | (_) | |_| |
|_.__/|_|_| |_|_.__/ \___/ \__, |
                            __/ |
                           |___/

2021-05-11 17:41:46.368 [main] INFO  e.g.springboot.web.embedded.tomcat.TomcatWebServer - tomcat Start on,port：0contextPath：/
2021-05-11 17:42:29.642 [main] INFO  edu.gdpu.springboot.ResourceBanner - 
 _     _       _
| |   (_)     | |
| |__  _ _ __ | |__   ___  _   _
| '_ \| | '_ \| '_ \ / _ \| | | |
| |_) | | | | | |_) | (_) | |_| |
|_.__/|_|_| |_|_.__/ \___/ \__, |
                            __/ |
                           |___/

2021-05-11 17:42:34.862 [main] INFO  e.g.springboot.web.embedded.tomcat.TomcatWebServer - tomcat Start on,port：0contextPath：/spring
2021-05-11 17:43:47.619 [main] INFO  edu.gdpu.springboot.ResourceBanner - 
 _     _       _
| |   (_)     | |
| |__  _ _ __ | |__   ___  _   _
| '_ \| | '_ \| '_ \ / _ \| | | |
| |_) | | | | | |_) | (_) | |_| |
|_.__/|_|_| |_|_.__/ \___/ \__, |
                            __/ |
                           |___/

2021-05-11 17:43:52.736 [main] INFO  e.g.springboot.web.embedded.tomcat.TomcatWebServer - tomcat Start on,port：0contextPath：/spring
2021-05-11 17:45:00.330 [main] INFO  edu.gdpu.springboot.ResourceBanner - 
 _     _       _
| |   (_)     | |
| |__  _ _ __ | |__   ___  _   _
| '_ \| | '_ \| '_ \ / _ \| | | |
| |_) | | | | | |_) | (_) | |_| |
|_.__/|_|_| |_|_.__/ \___/ \__, |
                            __/ |
                           |___/

2021-05-11 17:45:05.702 [main] INFO  e.g.springboot.web.embedded.tomcat.TomcatWebServer - tomcat Start on,port：0contextPath：/spring
2021-05-11 17:47:24.681 [main] INFO  edu.gdpu.springboot.ResourceBanner - 
 _     _       _
| |   (_)     | |
| |__  _ _ __ | |__   ___  _   _
| '_ \| | '_ \| '_ \ / _ \| | | |
| |_) | | | | | |_) | (_) | |_| |
|_.__/|_|_| |_|_.__/ \___/ \__, |
                            __/ |
                           |___/

2021-05-11 17:47:30.087 [main] INFO  e.g.springboot.web.embedded.tomcat.TomcatWebServer - tomcat Start on,port：0contextPath：/spring
2021-05-11 17:49:00.041 [main] INFO  edu.gdpu.springboot.ResourceBanner - 
 _     _       _
| |   (_)     | |
| |__  _ _ __ | |__   ___  _   _
| '_ \| | '_ \| '_ \ / _ \| | | |
| |_) | | | | | |_) | (_) | |_| |
|_.__/|_|_| |_|_.__/ \___/ \__, |
                            __/ |
                           |___/

2021-05-11 17:49:05.247 [main] INFO  e.g.springboot.web.embedded.tomcat.TomcatWebServer - tomcat Start on,port：0contextPath：/spring
2021-05-11 17:49:18.620 [main] INFO  edu.gdpu.springboot.ResourceBanner - 
 _     _       _
| |   (_)     | |
| |__  _ _ __ | |__   ___  _   _
| '_ \| | '_ \| '_ \ / _ \| | | |
| |_) | | | | | |_) | (_) | |_| |
|_.__/|_|_| |_|_.__/ \___/ \__, |
                            __/ |
                           |___/

2021-05-11 17:49:24.027 [main] INFO  e.g.springboot.web.embedded.tomcat.TomcatWebServer - tomcat Start on,port：0contextPath：/spring
2021-05-11 17:49:44.820 [main] INFO  edu.gdpu.springboot.ResourceBanner - 
 _     _       _
| |   (_)     | |
| |__  _ _ __ | |__   ___  _   _
| '_ \| | '_ \| '_ \ / _ \| | | |
| |_) | | | | | |_) | (_) | |_| |
|_.__/|_|_| |_|_.__/ \___/ \__, |
                            __/ |
                           |___/

2021-05-11 17:49:50.066 [main] INFO  e.g.springboot.web.embedded.tomcat.TomcatWebServer - tomcat Start on,port：0contextPath：/spring
2021-05-11 18:10:40.660 [main] INFO  edu.gdpu.springboot.ResourceBanner - 
 _     _       _
| |   (_)     | |
| |__  _ _ __ | |__   ___  _   _
| '_ \| | '_ \| '_ \ / _ \| | | |
| |_) | | | | | |_) | (_) | |_| |
|_.__/|_|_| |_|_.__/ \___/ \__, |
                            __/ |
                           |___/

2021-05-11 18:10:45.901 [main] INFO  e.g.springboot.web.embedded.tomcat.TomcatWebServer - tomcat Start on,port：0contextPath：/spring
2021-05-11 18:11:39.688 [main] INFO  edu.gdpu.springboot.ResourceBanner - 
 _     _       _
| |   (_)     | |
| |__  _ _ __ | |__   ___  _   _
| '_ \| | '_ \| '_ \ / _ \| | | |
| |_) | | | | | |_) | (_) | |_| |
|_.__/|_|_| |_|_.__/ \___/ \__, |
                            __/ |
                           |___/

2021-05-11 18:11:44.863 [main] INFO  e.g.springboot.web.embedded.tomcat.TomcatWebServer - tomcat Start on,port：8080contextPath：/spring
2021-05-11 18:20:28.065 [main] INFO  edu.gdpu.springboot.ResourceBanner - 
 _     _       _
| |   (_)     | |
| |__  _ _ __ | |__   ___  _   _
| '_ \| | '_ \| '_ \ / _ \| | | |
| |_) | | | | | |_) | (_) | |_| |
|_.__/|_|_| |_|_.__/ \___/ \__, |
                            __/ |
                           |___/

2021-05-11 18:20:33.409 [main] INFO  e.g.springboot.web.embedded.tomcat.TomcatWebServer - tomcat Start on,port：8080contextPath：/spring
