2021-03-22 14:48:46.063 [main] ERROR com.alibaba.druid.pool.DruidDataSource - {dataSource-1} init error
java.lang.NullPointerException: null
	at sun.misc.Launcher$AppClassLoader.loadClass(Launcher.java:325)
	at java.lang.ClassLoader.loadClass(ClassLoader.java:357)
	at com.alibaba.druid.util.JdbcUtils.createDriver(JdbcUtils.java:589)
	at com.alibaba.druid.pool.DruidDataSource.init(DruidDataSource.java:817)
	at com.alibaba.druid.pool.DruidDataSource.getConnection(DruidDataSource.java:1229)
	at com.alibaba.druid.pool.DruidDataSource.getConnection(DruidDataSource.java:1225)
	at com.alibaba.druid.pool.DruidDataSource.getConnection(DruidDataSource.java:90)
	at edu.gdpu.spring.transaction.ConnectionManager.getLocalConnection(ConnectionManager.java:31)
	at edu.gdpu.spring.transaction.DataSourceTransactionManager.setConnection(DataSourceTransactionManager.java:22)
	at edu.gdpu.MySSM.test.iocAop.config.TestConfiguration.dataSourceTransactionManger(TestConfiguration.java:39)
	at sun.reflect.NativeMethodAccessorImpl.invoke0(Native Method)
	at sun.reflect.NativeMethodAccessorImpl.invoke(NativeMethodAccessorImpl.java:62)
	at sun.reflect.DelegatingMethodAccessorImpl.invoke(DelegatingMethodAccessorImpl.java:43)
	at java.lang.reflect.Method.invoke(Method.java:498)
	at edu.gdpu.spring.core.util.ReflectUitls.invokeMethod(ReflectUitls.java:68)
	at edu.gdpu.spring.core.util.ReflectUitls.invokeMethod(ReflectUitls.java:76)
	at edu.gdpu.spring.postProcessor.BeanPostProcessor.inject(BeanPostProcessor.java:45)
	at edu.gdpu.spring.postProcessor.BeanPostProcessor.handle(BeanPostProcessor.java:30)
	at edu.gdpu.spring.postProcessor.ConfigurationPostProcessor.injectBean(ConfigurationPostProcessor.java:70)
	at edu.gdpu.spring.postProcessor.ConfigurationPostProcessor.handle(ConfigurationPostProcessor.java:32)
	at edu.gdpu.spring.postProcessor.ComponentScanPostProcessor.handle(ComponentScanPostProcessor.java:85)
	at edu.gdpu.MySSM.test.iocAop.Client.test(Client.java:20)
	at sun.reflect.NativeMethodAccessorImpl.invoke0(Native Method)
	at sun.reflect.NativeMethodAccessorImpl.invoke(NativeMethodAccessorImpl.java:62)
	at sun.reflect.DelegatingMethodAccessorImpl.invoke(DelegatingMethodAccessorImpl.java:43)
	at java.lang.reflect.Method.invoke(Method.java:498)
	at org.junit.runners.model.FrameworkMethod$1.runReflectiveCall(FrameworkMethod.java:50)
	at org.junit.internal.runners.model.ReflectiveCallable.run(ReflectiveCallable.java:12)
	at org.junit.runners.model.FrameworkMethod.invokeExplosively(FrameworkMethod.java:47)
	at org.junit.internal.runners.statements.InvokeMethod.evaluate(InvokeMethod.java:17)
	at org.junit.runners.ParentRunner.runLeaf(ParentRunner.java:325)
	at org.junit.runners.BlockJUnit4ClassRunner.runChild(BlockJUnit4ClassRunner.java:78)
	at org.junit.runners.BlockJUnit4ClassRunner.runChild(BlockJUnit4ClassRunner.java:57)
	at org.junit.runners.ParentRunner$3.run(ParentRunner.java:290)
	at org.junit.runners.ParentRunner$1.schedule(ParentRunner.java:71)
	at org.junit.runners.ParentRunner.runChildren(ParentRunner.java:288)
	at org.junit.runners.ParentRunner.access$000(ParentRunner.java:58)
	at org.junit.runners.ParentRunner$2.evaluate(ParentRunner.java:268)
	at org.junit.runners.ParentRunner.run(ParentRunner.java:363)
	at org.junit.runner.JUnitCore.run(JUnitCore.java:137)
	at com.intellij.junit4.JUnit4IdeaTestRunner.startRunnerWithArgs(JUnit4IdeaTestRunner.java:68)
	at com.intellij.rt.junit.IdeaTestRunner$Repeater.startRunnerWithArgs(IdeaTestRunner.java:33)
	at com.intellij.rt.junit.JUnitStarter.prepareStreamsAndStart(JUnitStarter.java:230)
	at com.intellij.rt.junit.JUnitStarter.main(JUnitStarter.java:58)
2021-03-22 14:52:14.300 [main] ERROR com.alibaba.druid.pool.DruidDataSource - {dataSource-1} init error
java.lang.NullPointerException: null
	at sun.misc.Launcher$AppClassLoader.loadClass(Launcher.java:325)
	at java.lang.ClassLoader.loadClass(ClassLoader.java:357)
	at com.alibaba.druid.util.JdbcUtils.createDriver(JdbcUtils.java:589)
	at com.alibaba.druid.pool.DruidDataSource.init(DruidDataSource.java:817)
	at com.alibaba.druid.pool.DruidDataSource.getConnection(DruidDataSource.java:1229)
	at com.alibaba.druid.pool.DruidDataSource.getConnection(DruidDataSource.java:1225)
	at com.alibaba.druid.pool.DruidDataSource.getConnection(DruidDataSource.java:90)
	at edu.gdpu.spring.transaction.ConnectionManager.getLocalConnection(ConnectionManager.java:31)
	at edu.gdpu.spring.transaction.DataSourceTransactionManager.setConnection(DataSourceTransactionManager.java:22)
	at edu.gdpu.MySSM.test.iocAop.config.TestConfiguration.dataSourceTransactionManger(TestConfiguration.java:39)
	at sun.reflect.NativeMethodAccessorImpl.invoke0(Native Method)
	at sun.reflect.NativeMethodAccessorImpl.invoke(NativeMethodAccessorImpl.java:62)
	at sun.reflect.DelegatingMethodAccessorImpl.invoke(DelegatingMethodAccessorImpl.java:43)
	at java.lang.reflect.Method.invoke(Method.java:498)
	at edu.gdpu.spring.core.util.ReflectUitls.invokeMethod(ReflectUitls.java:68)
	at edu.gdpu.spring.core.util.ReflectUitls.invokeMethod(ReflectUitls.java:76)
	at edu.gdpu.spring.postProcessor.BeanPostProcessor.inject(BeanPostProcessor.java:45)
	at edu.gdpu.spring.postProcessor.BeanPostProcessor.handle(BeanPostProcessor.java:30)
	at edu.gdpu.spring.postProcessor.ConfigurationPostProcessor.injectBean(ConfigurationPostProcessor.java:70)
	at edu.gdpu.spring.postProcessor.ConfigurationPostProcessor.handle(ConfigurationPostProcessor.java:32)
	at edu.gdpu.spring.postProcessor.ComponentScanPostProcessor.handle(ComponentScanPostProcessor.java:85)
	at edu.gdpu.MySSM.test.iocAop.Client.test(Client.java:20)
	at sun.reflect.NativeMethodAccessorImpl.invoke0(Native Method)
	at sun.reflect.NativeMethodAccessorImpl.invoke(NativeMethodAccessorImpl.java:62)
	at sun.reflect.DelegatingMethodAccessorImpl.invoke(DelegatingMethodAccessorImpl.java:43)
	at java.lang.reflect.Method.invoke(Method.java:498)
	at org.junit.runners.model.FrameworkMethod$1.runReflectiveCall(FrameworkMethod.java:50)
	at org.junit.internal.runners.model.ReflectiveCallable.run(ReflectiveCallable.java:12)
	at org.junit.runners.model.FrameworkMethod.invokeExplosively(FrameworkMethod.java:47)
	at org.junit.internal.runners.statements.InvokeMethod.evaluate(InvokeMethod.java:17)
	at org.junit.runners.ParentRunner.runLeaf(ParentRunner.java:325)
	at org.junit.runners.BlockJUnit4ClassRunner.runChild(BlockJUnit4ClassRunner.java:78)
	at org.junit.runners.BlockJUnit4ClassRunner.runChild(BlockJUnit4ClassRunner.java:57)
	at org.junit.runners.ParentRunner$3.run(ParentRunner.java:290)
	at org.junit.runners.ParentRunner$1.schedule(ParentRunner.java:71)
	at org.junit.runners.ParentRunner.runChildren(ParentRunner.java:288)
	at org.junit.runners.ParentRunner.access$000(ParentRunner.java:58)
	at org.junit.runners.ParentRunner$2.evaluate(ParentRunner.java:268)
	at org.junit.runners.ParentRunner.run(ParentRunner.java:363)
	at org.junit.runner.JUnitCore.run(JUnitCore.java:137)
	at com.intellij.junit4.JUnit4IdeaTestRunner.startRunnerWithArgs(JUnit4IdeaTestRunner.java:68)
	at com.intellij.rt.junit.IdeaTestRunner$Repeater.startRunnerWithArgs(IdeaTestRunner.java:33)
	at com.intellij.rt.junit.JUnitStarter.prepareStreamsAndStart(JUnitStarter.java:230)
	at com.intellij.rt.junit.JUnitStarter.main(JUnitStarter.java:58)
2021-03-22 14:53:13.280 [main] ERROR com.alibaba.druid.pool.DruidDataSource - {dataSource-1} init error
java.lang.NullPointerException: null
	at sun.misc.Launcher$AppClassLoader.loadClass(Launcher.java:325)
	at java.lang.ClassLoader.loadClass(ClassLoader.java:357)
	at com.alibaba.druid.util.JdbcUtils.createDriver(JdbcUtils.java:589)
	at com.alibaba.druid.pool.DruidDataSource.init(DruidDataSource.java:817)
	at com.alibaba.druid.pool.DruidDataSource.getConnection(DruidDataSource.java:1229)
	at com.alibaba.druid.pool.DruidDataSource.getConnection(DruidDataSource.java:1225)
	at com.alibaba.druid.pool.DruidDataSource.getConnection(DruidDataSource.java:90)
	at edu.gdpu.spring.transaction.ConnectionManager.getLocalConnection(ConnectionManager.java:31)
	at edu.gdpu.spring.transaction.DataSourceTransactionManager.setConnection(DataSourceTransactionManager.java:22)
	at edu.gdpu.MySSM.test.iocAop.config.TestConfiguration.dataSourceTransactionManger(TestConfiguration.java:39)
	at sun.reflect.NativeMethodAccessorImpl.invoke0(Native Method)
	at sun.reflect.NativeMethodAccessorImpl.invoke(NativeMethodAccessorImpl.java:62)
	at sun.reflect.DelegatingMethodAccessorImpl.invoke(DelegatingMethodAccessorImpl.java:43)
	at java.lang.reflect.Method.invoke(Method.java:498)
	at edu.gdpu.spring.core.util.ReflectUitls.invokeMethod(ReflectUitls.java:68)
	at edu.gdpu.spring.core.util.ReflectUitls.invokeMethod(ReflectUitls.java:76)
	at edu.gdpu.spring.postProcessor.BeanPostProcessor.inject(BeanPostProcessor.java:45)
	at edu.gdpu.spring.postProcessor.BeanPostProcessor.handle(BeanPostProcessor.java:30)
	at edu.gdpu.spring.postProcessor.ConfigurationPostProcessor.injectBean(ConfigurationPostProcessor.java:70)
	at edu.gdpu.spring.postProcessor.ConfigurationPostProcessor.handle(ConfigurationPostProcessor.java:32)
	at edu.gdpu.spring.postProcessor.ComponentScanPostProcessor.handle(ComponentScanPostProcessor.java:85)
	at edu.gdpu.MySSM.test.iocAop.Client.test(Client.java:20)
	at sun.reflect.NativeMethodAccessorImpl.invoke0(Native Method)
	at sun.reflect.NativeMethodAccessorImpl.invoke(NativeMethodAccessorImpl.java:62)
	at sun.reflect.DelegatingMethodAccessorImpl.invoke(DelegatingMethodAccessorImpl.java:43)
	at java.lang.reflect.Method.invoke(Method.java:498)
	at org.junit.runners.model.FrameworkMethod$1.runReflectiveCall(FrameworkMethod.java:50)
	at org.junit.internal.runners.model.ReflectiveCallable.run(ReflectiveCallable.java:12)
	at org.junit.runners.model.FrameworkMethod.invokeExplosively(FrameworkMethod.java:47)
	at org.junit.internal.runners.statements.InvokeMethod.evaluate(InvokeMethod.java:17)
	at org.junit.runners.ParentRunner.runLeaf(ParentRunner.java:325)
	at org.junit.runners.BlockJUnit4ClassRunner.runChild(BlockJUnit4ClassRunner.java:78)
	at org.junit.runners.BlockJUnit4ClassRunner.runChild(BlockJUnit4ClassRunner.java:57)
	at org.junit.runners.ParentRunner$3.run(ParentRunner.java:290)
	at org.junit.runners.ParentRunner$1.schedule(ParentRunner.java:71)
	at org.junit.runners.ParentRunner.runChildren(ParentRunner.java:288)
	at org.junit.runners.ParentRunner.access$000(ParentRunner.java:58)
	at org.junit.runners.ParentRunner$2.evaluate(ParentRunner.java:268)
	at org.junit.runners.ParentRunner.run(ParentRunner.java:363)
	at org.junit.runner.JUnitCore.run(JUnitCore.java:137)
	at com.intellij.junit4.JUnit4IdeaTestRunner.startRunnerWithArgs(JUnit4IdeaTestRunner.java:68)
	at com.intellij.rt.junit.IdeaTestRunner$Repeater.startRunnerWithArgs(IdeaTestRunner.java:33)
	at com.intellij.rt.junit.JUnitStarter.prepareStreamsAndStart(JUnitStarter.java:230)
	at com.intellij.rt.junit.JUnitStarter.main(JUnitStarter.java:58)
2021-03-22 14:55:16.507 [main] ERROR com.alibaba.druid.pool.DruidDataSource - {dataSource-1} init error
java.lang.NullPointerException: null
	at sun.misc.Launcher$AppClassLoader.loadClass(Launcher.java:325)
	at java.lang.ClassLoader.loadClass(ClassLoader.java:357)
	at com.alibaba.druid.util.JdbcUtils.createDriver(JdbcUtils.java:589)
	at com.alibaba.druid.pool.DruidDataSource.init(DruidDataSource.java:817)
	at com.alibaba.druid.pool.DruidDataSource.getConnection(DruidDataSource.java:1229)
	at com.alibaba.druid.pool.DruidDataSource.getConnection(DruidDataSource.java:1225)
	at com.alibaba.druid.pool.DruidDataSource.getConnection(DruidDataSource.java:90)
	at edu.gdpu.spring.transaction.ConnectionManager.getLocalConnection(ConnectionManager.java:31)
	at edu.gdpu.spring.transaction.DataSourceTransactionManager.setConnection(DataSourceTransactionManager.java:22)
	at edu.gdpu.MySSM.test.iocAop.config.TestConfiguration.dataSourceTransactionManger(TestConfiguration.java:39)
	at sun.reflect.NativeMethodAccessorImpl.invoke0(Native Method)
	at sun.reflect.NativeMethodAccessorImpl.invoke(NativeMethodAccessorImpl.java:62)
	at sun.reflect.DelegatingMethodAccessorImpl.invoke(DelegatingMethodAccessorImpl.java:43)
	at java.lang.reflect.Method.invoke(Method.java:498)
	at edu.gdpu.spring.core.util.ReflectUitls.invokeMethod(ReflectUitls.java:68)
	at edu.gdpu.spring.core.util.ReflectUitls.invokeMethod(ReflectUitls.java:76)
	at edu.gdpu.spring.postProcessor.BeanPostProcessor.inject(BeanPostProcessor.java:45)
	at edu.gdpu.spring.postProcessor.BeanPostProcessor.handle(BeanPostProcessor.java:30)
	at edu.gdpu.spring.postProcessor.ConfigurationPostProcessor.injectBean(ConfigurationPostProcessor.java:70)
	at edu.gdpu.spring.postProcessor.ConfigurationPostProcessor.handle(ConfigurationPostProcessor.java:32)
	at edu.gdpu.spring.postProcessor.ComponentScanPostProcessor.handle(ComponentScanPostProcessor.java:87)
	at edu.gdpu.MySSM.test.iocAop.Client.test(Client.java:20)
	at sun.reflect.NativeMethodAccessorImpl.invoke0(Native Method)
	at sun.reflect.NativeMethodAccessorImpl.invoke(NativeMethodAccessorImpl.java:62)
	at sun.reflect.DelegatingMethodAccessorImpl.invoke(DelegatingMethodAccessorImpl.java:43)
	at java.lang.reflect.Method.invoke(Method.java:498)
	at org.junit.runners.model.FrameworkMethod$1.runReflectiveCall(FrameworkMethod.java:50)
	at org.junit.internal.runners.model.ReflectiveCallable.run(ReflectiveCallable.java:12)
	at org.junit.runners.model.FrameworkMethod.invokeExplosively(FrameworkMethod.java:47)
	at org.junit.internal.runners.statements.InvokeMethod.evaluate(InvokeMethod.java:17)
	at org.junit.runners.ParentRunner.runLeaf(ParentRunner.java:325)
	at org.junit.runners.BlockJUnit4ClassRunner.runChild(BlockJUnit4ClassRunner.java:78)
	at org.junit.runners.BlockJUnit4ClassRunner.runChild(BlockJUnit4ClassRunner.java:57)
	at org.junit.runners.ParentRunner$3.run(ParentRunner.java:290)
	at org.junit.runners.ParentRunner$1.schedule(ParentRunner.java:71)
	at org.junit.runners.ParentRunner.runChildren(ParentRunner.java:288)
	at org.junit.runners.ParentRunner.access$000(ParentRunner.java:58)
	at org.junit.runners.ParentRunner$2.evaluate(ParentRunner.java:268)
	at org.junit.runners.ParentRunner.run(ParentRunner.java:363)
	at org.junit.runner.JUnitCore.run(JUnitCore.java:137)
	at com.intellij.junit4.JUnit4IdeaTestRunner.startRunnerWithArgs(JUnit4IdeaTestRunner.java:68)
	at com.intellij.rt.junit.IdeaTestRunner$Repeater.startRunnerWithArgs(IdeaTestRunner.java:33)
	at com.intellij.rt.junit.JUnitStarter.prepareStreamsAndStart(JUnitStarter.java:230)
	at com.intellij.rt.junit.JUnitStarter.main(JUnitStarter.java:58)
2021-03-22 15:28:44.144 [main] ERROR com.alibaba.druid.pool.DruidDataSource - {dataSource-1} init error
java.lang.NullPointerException: null
	at sun.misc.Launcher$AppClassLoader.loadClass(Launcher.java:325)
	at java.lang.ClassLoader.loadClass(ClassLoader.java:357)
	at com.alibaba.druid.util.JdbcUtils.createDriver(JdbcUtils.java:589)
	at com.alibaba.druid.pool.DruidDataSource.init(DruidDataSource.java:817)
	at com.alibaba.druid.pool.DruidDataSource.getConnection(DruidDataSource.java:1229)
	at com.alibaba.druid.pool.DruidDataSource.getConnection(DruidDataSource.java:1225)
	at com.alibaba.druid.pool.DruidDataSource.getConnection(DruidDataSource.java:90)
	at edu.gdpu.spring.transaction.ConnectionManager.getLocalConnection(ConnectionManager.java:31)
	at edu.gdpu.spring.transaction.DataSourceTransactionManager.setConnection(DataSourceTransactionManager.java:22)
	at edu.gdpu.spring.postProcessor.TransactionalPostProcessor.handle(TransactionalPostProcessor.java:42)
	at edu.gdpu.spring.postProcessor.ComponentScanPostProcessor.handle(ComponentScanPostProcessor.java:79)
	at edu.gdpu.MySSM.test.iocAop.Client.test(Client.java:20)
	at sun.reflect.NativeMethodAccessorImpl.invoke0(Native Method)
	at sun.reflect.NativeMethodAccessorImpl.invoke(NativeMethodAccessorImpl.java:62)
	at sun.reflect.DelegatingMethodAccessorImpl.invoke(DelegatingMethodAccessorImpl.java:43)
	at java.lang.reflect.Method.invoke(Method.java:498)
	at org.junit.runners.model.FrameworkMethod$1.runReflectiveCall(FrameworkMethod.java:50)
	at org.junit.internal.runners.model.ReflectiveCallable.run(ReflectiveCallable.java:12)
	at org.junit.runners.model.FrameworkMethod.invokeExplosively(FrameworkMethod.java:47)
	at org.junit.internal.runners.statements.InvokeMethod.evaluate(InvokeMethod.java:17)
	at org.junit.runners.ParentRunner.runLeaf(ParentRunner.java:325)
	at org.junit.runners.BlockJUnit4ClassRunner.runChild(BlockJUnit4ClassRunner.java:78)
	at org.junit.runners.BlockJUnit4ClassRunner.runChild(BlockJUnit4ClassRunner.java:57)
	at org.junit.runners.ParentRunner$3.run(ParentRunner.java:290)
	at org.junit.runners.ParentRunner$1.schedule(ParentRunner.java:71)
	at org.junit.runners.ParentRunner.runChildren(ParentRunner.java:288)
	at org.junit.runners.ParentRunner.access$000(ParentRunner.java:58)
	at org.junit.runners.ParentRunner$2.evaluate(ParentRunner.java:268)
	at org.junit.runners.ParentRunner.run(ParentRunner.java:363)
	at org.junit.runner.JUnitCore.run(JUnitCore.java:137)
	at com.intellij.junit4.JUnit4IdeaTestRunner.startRunnerWithArgs(JUnit4IdeaTestRunner.java:68)
	at com.intellij.rt.junit.IdeaTestRunner$Repeater.startRunnerWithArgs(IdeaTestRunner.java:33)
	at com.intellij.rt.junit.JUnitStarter.prepareStreamsAndStart(JUnitStarter.java:230)
	at com.intellij.rt.junit.JUnitStarter.main(JUnitStarter.java:58)
