2021-05-01 16:34:58.644 [main] INFO  e.g.s.p.facory.AnnoationPostProcessorFactory - 读取文件,初始化annotationPostProcessor的时间为：231
2021-05-01 16:34:59.805 [main] INFO  e.g.s.beans.factory.DefaultListableBeanFactory -  ioc容器：
key = MyBean, value = edu.gdpu.MySSM.test.ioctest.MyBean@5b275dab
2021-05-01 16:34:59.805 [main] INFO  e.g.s.beans.factory.DefaultListableBeanFactory -  ioc容器：
key = testcontroller, value = edu.gdpu.MySSM.test.ioctest.controller.TestController@61832929
2021-05-01 16:34:59.805 [main] INFO  e.g.s.beans.factory.DefaultListableBeanFactory -  ioc容器：
key = testservice, value = edu.gdpu.MySSM.test.ioctest.service.TestService@29774679
2021-05-01 16:34:59.805 [main] INFO  e.g.s.beans.factory.DefaultListableBeanFactory -  ioc容器：
key = testconfiguration, value = edu.gdpu.MySSM.test.ioctest.config.TestConfiguration@3ffc5af1
2021-05-01 16:35:24.302 [main] INFO  e.g.s.p.facory.AnnoationPostProcessorFactory - 读取文件,初始化annotationPostProcessor的时间为：0
2021-05-01 16:36:07.576 [main] INFO  e.g.s.p.facory.AnnoationPostProcessorFactory - 读取文件,初始化annotationPostProcessor的时间为：10
2021-05-01 16:36:19.902 [main] INFO  e.g.s.p.facory.AnnoationPostProcessorFactory - 读取文件,初始化annotationPostProcessor的时间为：0
2021-05-01 16:36:32.879 [main] INFO  e.g.s.p.facory.AnnoationPostProcessorFactory - 读取文件,初始化annotationPostProcessor的时间为：0
2021-05-01 16:38:37.454 [main] INFO  e.g.s.p.facory.AnnoationPostProcessorFactory - 读取文件,初始化annotationPostProcessor的时间为：10
2021-05-01 16:38:53.857 [main] INFO  e.g.s.p.facory.AnnoationPostProcessorFactory - 读取文件,初始化annotationPostProcessor的时间为：0
2021-05-01 16:39:14.267 [main] INFO  e.g.s.p.facory.AnnoationPostProcessorFactory - 读取文件,初始化annotationPostProcessor的时间为：10
2021-05-01 16:40:18.176 [main] INFO  e.g.s.p.facory.AnnoationPostProcessorFactory - 读取文件,初始化annotationPostProcessor的时间为：10
2021-05-01 16:40:37.613 [main] INFO  e.g.s.p.facory.AnnoationPostProcessorFactory - 读取文件,初始化annotationPostProcessor的时间为：10
2021-05-01 16:41:04.037 [main] INFO  e.g.s.p.facory.AnnoationPostProcessorFactory - 读取文件,初始化annotationPostProcessor的时间为：10
2021-05-01 16:41:41.136 [main] INFO  e.g.s.p.facory.AnnoationPostProcessorFactory - 读取文件,初始化annotationPostProcessor的时间为：10
2021-05-01 16:42:01.257 [main] INFO  e.g.s.p.facory.AnnoationPostProcessorFactory - 读取文件,初始化annotationPostProcessor的时间为：10
2021-05-01 16:43:27.650 [main] INFO  e.g.s.p.facory.AnnoationPostProcessorFactory - 读取文件,初始化annotationPostProcessor的时间为：10
2021-05-01 16:43:39.220 [main] INFO  e.g.s.p.facory.AnnoationPostProcessorFactory - 读取文件,初始化annotationPostProcessor的时间为：10
2021-05-01 16:44:00.224 [main] INFO  e.g.s.p.facory.AnnoationPostProcessorFactory - 读取文件,初始化annotationPostProcessor的时间为：10
2021-05-01 16:45:27.186 [main] INFO  e.g.s.p.facory.AnnoationPostProcessorFactory - 读取文件,初始化annotationPostProcessor的时间为：0
2021-05-01 16:55:25.294 [main] INFO  e.g.s.p.facory.AnnoationPostProcessorFactory - 读取文件,初始化annotationPostProcessor的时间为：0
2021-05-01 16:56:19.947 [main] INFO  e.g.s.p.facory.AnnoationPostProcessorFactory - 读取文件,初始化annotationPostProcessor的时间为：0
2021-05-01 16:57:17.541 [main] INFO  e.g.s.p.facory.AnnoationPostProcessorFactory - 读取文件,初始化annotationPostProcessor的时间为：10
2021-05-01 16:58:52.740 [main] INFO  e.g.s.p.facory.AnnoationPostProcessorFactory - 读取文件,初始化annotationPostProcessor的时间为：0
2021-05-01 16:59:21.771 [main] INFO  e.g.s.p.facory.AnnoationPostProcessorFactory - 读取文件,初始化annotationPostProcessor的时间为：0
2021-05-01 16:59:40.189 [main] INFO  e.g.s.p.facory.AnnoationPostProcessorFactory - 读取文件,初始化annotationPostProcessor的时间为：0
2021-05-01 17:00:04.580 [main] INFO  e.g.s.p.facory.AnnoationPostProcessorFactory - 读取文件,初始化annotationPostProcessor的时间为：5
2021-05-01 17:01:42.547 [main] INFO  e.g.s.p.facory.AnnoationPostProcessorFactory - 读取文件,初始化annotationPostProcessor的时间为：0
2021-05-01 17:01:43.562 [main] INFO  e.g.s.beans.factory.DefaultListableBeanFactory -  ioc容器：
key = MyBean, value = edu.gdpu.MySSM.test.ioctest.MyBean@61832929
2021-05-01 17:01:43.562 [main] INFO  e.g.s.beans.factory.DefaultListableBeanFactory -  ioc容器：
key = testcontroller, value = edu.gdpu.MySSM.test.ioctest.controller.TestController@29774679
2021-05-01 17:01:43.562 [main] INFO  e.g.s.beans.factory.DefaultListableBeanFactory -  ioc容器：
key = testservice, value = edu.gdpu.MySSM.test.ioctest.service.TestService@3ffc5af1
2021-05-01 17:01:43.562 [main] INFO  e.g.s.beans.factory.DefaultListableBeanFactory -  ioc容器：
key = testconfiguration, value = edu.gdpu.MySSM.test.ioctest.config.TestConfiguration@5e5792a0
2021-05-01 17:01:53.324 [main] INFO  e.g.s.p.facory.AnnoationPostProcessorFactory - 读取文件,初始化annotationPostProcessor的时间为：11
