2021-03-21 00:01:28.815 [main] INFO  e.g.m.p.facory.AnnoationPostProcessorFactory - 读取文件,初始化annotationPostProcessor的时间为：1010
2021-03-21 00:01:43.879 [main] INFO  e.g.m.p.facory.AnnoationPostProcessorFactory - 读取文件,初始化annotationPostProcessor的时间为：1008
2021-03-21 00:02:27.501 [main] INFO  e.g.m.p.facory.AnnoationPostProcessorFactory - 读取文件,初始化annotationPostProcessor的时间为：1008
2021-03-21 00:03:13.617 [main] INFO  e.g.m.p.facory.AnnoationPostProcessorFactory - 读取文件,初始化annotationPostProcessor的时间为：1010
2021-03-21 00:03:26.539 [main] INFO  e.g.m.p.facory.AnnoationPostProcessorFactory - 读取文件,初始化annotationPostProcessor的时间为：1008
2021-03-21 00:03:49.759 [main] INFO  e.g.m.p.facory.AnnoationPostProcessorFactory - 读取文件,初始化annotationPostProcessor的时间为：1007
2021-03-21 00:04:25.579 [main] INFO  e.g.m.p.facory.AnnoationPostProcessorFactory - 读取文件,初始化annotationPostProcessor的时间为：1012
2021-03-21 00:05:08.313 [main] INFO  e.g.m.p.facory.AnnoationPostProcessorFactory - 读取文件,初始化annotationPostProcessor的时间为：1019
2021-03-21 00:06:17.062 [main] INFO  e.g.m.p.facory.AnnoationPostProcessorFactory - 读取文件,初始化annotationPostProcessor的时间为：1017
2021-03-21 00:07:23.875 [main] INFO  e.g.m.p.facory.AnnoationPostProcessorFactory - 读取文件,初始化annotationPostProcessor的时间为：1009
2021-03-21 00:11:40.959 [main] INFO  e.g.m.p.facory.AnnoationPostProcessorFactory - 读取文件,初始化annotationPostProcessor的时间为：1009
2021-03-21 00:12:07.813 [main] INFO  e.g.m.p.facory.AnnoationPostProcessorFactory - 读取文件,初始化annotationPostProcessor的时间为：1007
2021-03-21 00:12:32.975 [main] INFO  e.g.m.p.facory.AnnoationPostProcessorFactory - 读取文件,初始化annotationPostProcessor的时间为：1008
2021-03-21 00:14:54.517 [main] INFO  e.g.m.p.facory.AnnoationPostProcessorFactory - 读取文件,初始化annotationPostProcessor的时间为：1010
2021-03-21 00:15:14.692 [main] INFO  e.g.m.p.facory.AnnoationPostProcessorFactory - 读取文件,初始化annotationPostProcessor的时间为：1007
2021-03-21 00:15:42.778 [main] INFO  e.g.m.p.facory.AnnoationPostProcessorFactory - 读取文件,初始化annotationPostProcessor的时间为：1007
2021-03-21 00:16:06.716 [main] INFO  e.g.m.p.facory.AnnoationPostProcessorFactory - 读取文件,初始化annotationPostProcessor的时间为：1009
2021-03-21 00:16:22.410 [main] INFO  e.g.m.p.facory.AnnoationPostProcessorFactory - 读取文件,初始化annotationPostProcessor的时间为：1008
2021-03-21 00:16:22.505 [main] INFO  e.g.m.beans.factory.MyDefaultListableBeanFactory -  ioc容器：
key = MyBean, value = edu.gdpu.MySSM.test.iocAop.config.TestConfiguration@a67c67e
2021-03-21 00:16:22.506 [main] INFO  e.g.m.beans.factory.MyDefaultListableBeanFactory -  ioc容器：
key = testcontroller, value = edu.gdpu.MySSM.test.iocAop.contrller.TestController@3327bd23
2021-03-21 00:16:22.506 [main] INFO  e.g.m.beans.factory.MyDefaultListableBeanFactory -  ioc容器：
key = myaspect, value = edu.gdpu.MySSM.test.iocAop.config.TestConfiguration@a67c67e
2021-03-21 00:16:22.506 [main] INFO  e.g.m.beans.factory.MyDefaultListableBeanFactory -  ioc容器：
key = testservice, value = edu.gdpu.MySSM.test.iocAop.config.TestConfiguration@a67c67e
2021-03-21 00:16:22.507 [main] INFO  e.g.m.beans.factory.MyDefaultListableBeanFactory -  ioc容器：
key = testconfiguration, value = edu.gdpu.MySSM.test.iocAop.config.TestConfiguration@a67c67e
2021-03-21 00:18:35.902 [main] INFO  e.g.m.p.facory.AnnoationPostProcessorFactory - 读取文件,初始化annotationPostProcessor的时间为：1008
2021-03-21 00:18:35.932 [main] INFO  e.g.m.beans.factory.MyDefaultListableBeanFactory -  ioc容器：
key = MyBean, value = edu.gdpu.MySSM.test.iocAop.MyBean@1bce4f0a
2021-03-21 00:18:35.932 [main] INFO  e.g.m.beans.factory.MyDefaultListableBeanFactory -  ioc容器：
key = testcontroller, value = edu.gdpu.MySSM.test.iocAop.contrller.TestController@5e3a8624
2021-03-21 00:18:35.932 [main] INFO  e.g.m.beans.factory.MyDefaultListableBeanFactory -  ioc容器：
key = myaspect, value = edu.gdpu.MySSM.test.iocAop.aspect.MyAspect@5c3bd550
2021-03-21 00:18:35.932 [main] INFO  e.g.m.beans.factory.MyDefaultListableBeanFactory -  ioc容器：
key = testservice, value = edu.gdpu.MySSM.test.iocAop.service.impl.TestServiceImpl@91161c7
2021-03-21 00:18:35.932 [main] INFO  e.g.m.beans.factory.MyDefaultListableBeanFactory -  ioc容器：
key = testconfiguration, value = edu.gdpu.MySSM.test.iocAop.config.TestConfiguration@604ed9f0
2021-03-21 00:25:44.487 [main] INFO  e.g.m.p.facory.AnnoationPostProcessorFactory - 读取文件,初始化annotationPostProcessor的时间为：1007
2021-03-21 00:25:44.526 [main] INFO  e.g.m.beans.factory.MyDefaultListableBeanFactory -  ioc容器：
key = MyBean, value = edu.gdpu.MySSM.test.iocAop.MyBean@1bce4f0a
2021-03-21 00:25:44.526 [main] INFO  e.g.m.beans.factory.MyDefaultListableBeanFactory -  ioc容器：
key = testcontroller, value = edu.gdpu.MySSM.test.iocAop.contrller.TestController@5e3a8624
2021-03-21 00:25:44.527 [main] INFO  e.g.m.beans.factory.MyDefaultListableBeanFactory -  ioc容器：
key = myaspect, value = edu.gdpu.MySSM.test.iocAop.aspect.MyAspect@5c3bd550
2021-03-21 00:25:44.527 [main] INFO  e.g.m.beans.factory.MyDefaultListableBeanFactory -  ioc容器：
key = testservice, value = edu.gdpu.MySSM.test.iocAop.service.impl.TestServiceImpl@91161c7
2021-03-21 00:25:44.527 [main] INFO  e.g.m.beans.factory.MyDefaultListableBeanFactory -  ioc容器：
key = testconfiguration, value = edu.gdpu.MySSM.test.iocAop.config.TestConfiguration@604ed9f0
2021-03-21 00:26:10.252 [main] INFO  e.g.m.p.facory.AnnoationPostProcessorFactory - 读取文件,初始化annotationPostProcessor的时间为：1008
2021-03-21 00:26:10.336 [main] INFO  e.g.m.beans.factory.MyDefaultListableBeanFactory -  ioc容器：
key = MyBean, value = edu.gdpu.MySSM.test.iocAop.config.TestConfiguration@a67c67e
2021-03-21 00:26:10.337 [main] INFO  e.g.m.beans.factory.MyDefaultListableBeanFactory -  ioc容器：
key = testcontroller, value = edu.gdpu.MySSM.test.iocAop.contrller.TestController@3327bd23
2021-03-21 00:26:10.337 [main] INFO  e.g.m.beans.factory.MyDefaultListableBeanFactory -  ioc容器：
key = myaspect, value = edu.gdpu.MySSM.test.iocAop.aspect.MyAspect@4e1d422d
2021-03-21 00:26:10.337 [main] INFO  e.g.m.beans.factory.MyDefaultListableBeanFactory -  ioc容器：
key = testservice, value = edu.gdpu.MySSM.test.iocAop.config.TestConfiguration@a67c67e
2021-03-21 00:26:10.337 [main] INFO  e.g.m.beans.factory.MyDefaultListableBeanFactory -  ioc容器：
key = testconfiguration, value = edu.gdpu.MySSM.test.iocAop.config.TestConfiguration@a67c67e
2021-03-21 00:27:09.074 [main] INFO  e.g.m.p.facory.AnnoationPostProcessorFactory - 读取文件,初始化annotationPostProcessor的时间为：1008
2021-03-21 00:27:09.123 [main] INFO  e.g.m.beans.factory.MyDefaultListableBeanFactory -  ioc容器：
key = MyBean, value = edu.gdpu.MySSM.test.iocAop.MyBean@91161c7
2021-03-21 00:27:09.124 [main] INFO  e.g.m.beans.factory.MyDefaultListableBeanFactory -  ioc容器：
key = testcontroller, value = edu.gdpu.MySSM.test.iocAop.contrller.TestController@604ed9f0
2021-03-21 00:27:09.125 [main] INFO  e.g.m.beans.factory.MyDefaultListableBeanFactory -  ioc容器：
key = myaspect, value = edu.gdpu.MySSM.test.iocAop.aspect.MyAspect@6a4f787b
2021-03-21 00:27:09.128 [main] INFO  e.g.m.beans.factory.MyDefaultListableBeanFactory -  ioc容器：
key = testservice, value = edu.gdpu.MySSM.test.iocAop.service.impl.TestServiceImpl@685cb137
2021-03-21 00:27:09.128 [main] INFO  e.g.m.beans.factory.MyDefaultListableBeanFactory -  ioc容器：
key = testconfiguration, value = edu.gdpu.MySSM.test.iocAop.config.TestConfiguration@6a41eaa2
2021-03-21 00:28:18.186 [main] INFO  e.g.m.p.facory.AnnoationPostProcessorFactory - 读取文件,初始化annotationPostProcessor的时间为：1007
2021-03-21 00:28:18.219 [main] INFO  e.g.m.beans.factory.MyDefaultListableBeanFactory -  ioc容器：
key = MyBean, value = edu.gdpu.MySSM.test.iocAop.MyBean@1bce4f0a
2021-03-21 00:28:18.219 [main] INFO  e.g.m.beans.factory.MyDefaultListableBeanFactory -  ioc容器：
key = testcontroller, value = edu.gdpu.MySSM.test.iocAop.contrller.TestController@5e3a8624
2021-03-21 00:28:18.219 [main] INFO  e.g.m.beans.factory.MyDefaultListableBeanFactory -  ioc容器：
key = myaspect, value = edu.gdpu.MySSM.test.iocAop.aspect.MyAspect@5c3bd550
2021-03-21 00:28:18.220 [main] INFO  e.g.m.beans.factory.MyDefaultListableBeanFactory -  ioc容器：
key = testservice, value = edu.gdpu.MySSM.test.iocAop.service.impl.TestServiceImpl@91161c7
2021-03-21 00:28:18.220 [main] INFO  e.g.m.beans.factory.MyDefaultListableBeanFactory -  ioc容器：
key = testconfiguration, value = edu.gdpu.MySSM.test.iocAop.config.TestConfiguration@604ed9f0
2021-03-21 00:30:00.767 [main] INFO  e.g.m.p.facory.AnnoationPostProcessorFactory - 读取文件,初始化annotationPostProcessor的时间为：1008
2021-03-21 00:30:00.819 [main] INFO  e.g.m.beans.factory.MyDefaultListableBeanFactory -  ioc容器：
key = MyBean, value = edu.gdpu.MySSM.test.iocAop.MyBean@1bce4f0a
2021-03-21 00:30:00.819 [main] INFO  e.g.m.beans.factory.MyDefaultListableBeanFactory -  ioc容器：
key = testcontroller, value = edu.gdpu.MySSM.test.iocAop.contrller.TestController@5e3a8624
2021-03-21 00:30:00.820 [main] INFO  e.g.m.beans.factory.MyDefaultListableBeanFactory -  ioc容器：
key = myaspect, value = edu.gdpu.MySSM.test.iocAop.aspect.MyAspect@5c3bd550
2021-03-21 00:30:00.820 [main] INFO  e.g.m.beans.factory.MyDefaultListableBeanFactory -  ioc容器：
key = testservice, value = edu.gdpu.MySSM.test.iocAop.service.impl.TestServiceImpl@91161c7
2021-03-21 00:30:00.820 [main] INFO  e.g.m.beans.factory.MyDefaultListableBeanFactory -  ioc容器：
key = testconfiguration, value = edu.gdpu.MySSM.test.iocAop.config.TestConfiguration@604ed9f0
2021-03-21 00:30:44.179 [main] INFO  e.g.m.p.facory.AnnoationPostProcessorFactory - 读取文件,初始化annotationPostProcessor的时间为：1009
2021-03-21 00:30:44.227 [main] INFO  e.g.m.beans.factory.MyDefaultListableBeanFactory -  ioc容器：
key = MyBean, value = edu.gdpu.MySSM.test.iocAop.MyBean@1bce4f0a
2021-03-21 00:30:44.227 [main] INFO  e.g.m.beans.factory.MyDefaultListableBeanFactory -  ioc容器：
key = testcontroller, value = edu.gdpu.MySSM.test.iocAop.contrller.TestController@5e3a8624
2021-03-21 00:30:44.227 [main] INFO  e.g.m.beans.factory.MyDefaultListableBeanFactory -  ioc容器：
key = myaspect, value = edu.gdpu.MySSM.test.iocAop.aspect.MyAspect@5c3bd550
2021-03-21 00:30:44.228 [main] INFO  e.g.m.beans.factory.MyDefaultListableBeanFactory -  ioc容器：
key = testservice, value = edu.gdpu.MySSM.test.iocAop.service.impl.TestServiceImpl@91161c7
2021-03-21 00:30:44.228 [main] INFO  e.g.m.beans.factory.MyDefaultListableBeanFactory -  ioc容器：
key = testconfiguration, value = edu.gdpu.MySSM.test.iocAop.config.TestConfiguration@604ed9f0
2021-03-21 00:45:18.928 [main] INFO  e.g.m.p.facory.AnnoationPostProcessorFactory - 读取文件,初始化annotationPostProcessor的时间为：1010
2021-03-21 00:45:18.963 [main] INFO  e.g.m.beans.factory.MyDefaultListableBeanFactory -  ioc容器：
key = MyBean, value = edu.gdpu.MySSM.test.iocAop.MyBean@1bce4f0a
2021-03-21 00:45:18.963 [main] INFO  e.g.m.beans.factory.MyDefaultListableBeanFactory -  ioc容器：
key = testcontroller, value = edu.gdpu.MySSM.test.iocAop.contrller.TestController@5e3a8624
2021-03-21 00:45:18.963 [main] INFO  e.g.m.beans.factory.MyDefaultListableBeanFactory -  ioc容器：
key = myaspect, value = edu.gdpu.MySSM.test.iocAop.aspect.MyAspect@5c3bd550
2021-03-21 00:45:18.964 [main] INFO  e.g.m.beans.factory.MyDefaultListableBeanFactory -  ioc容器：
key = testservice, value = edu.gdpu.MySSM.test.iocAop.service.impl.TestServiceImpl@91161c7
2021-03-21 00:45:18.964 [main] INFO  e.g.m.beans.factory.MyDefaultListableBeanFactory -  ioc容器：
key = testconfiguration, value = edu.gdpu.MySSM.test.iocAop.config.TestConfiguration@604ed9f0
2021-03-21 00:46:05.364 [main] INFO  e.g.m.p.facory.AnnoationPostProcessorFactory - 读取文件,初始化annotationPostProcessor的时间为：1010
2021-03-21 00:46:05.400 [main] INFO  e.g.m.beans.factory.MyDefaultListableBeanFactory -  ioc容器：
key = MyBean, value = edu.gdpu.MySSM.test.iocAop.MyBean@1bce4f0a
2021-03-21 00:46:05.400 [main] INFO  e.g.m.beans.factory.MyDefaultListableBeanFactory -  ioc容器：
key = testcontroller, value = edu.gdpu.MySSM.test.iocAop.contrller.TestController@5e3a8624
2021-03-21 00:46:05.400 [main] INFO  e.g.m.beans.factory.MyDefaultListableBeanFactory -  ioc容器：
key = myaspect, value = edu.gdpu.MySSM.test.iocAop.aspect.MyAspect@5c3bd550
2021-03-21 00:46:05.400 [main] INFO  e.g.m.beans.factory.MyDefaultListableBeanFactory -  ioc容器：
key = testservice, value = edu.gdpu.MySSM.test.iocAop.service.impl.TestServiceImpl@91161c7
2021-03-21 00:46:05.400 [main] INFO  e.g.m.beans.factory.MyDefaultListableBeanFactory -  ioc容器：
key = testconfiguration, value = edu.gdpu.MySSM.test.iocAop.config.TestConfiguration@604ed9f0
2021-03-21 00:46:25.533 [main] INFO  e.g.m.p.facory.AnnoationPostProcessorFactory - 读取文件,初始化annotationPostProcessor的时间为：1010
2021-03-21 00:46:25.583 [main] INFO  e.g.m.beans.factory.MyDefaultListableBeanFactory -  ioc容器：
key = MyBean, value = edu.gdpu.MySSM.test.iocAop.MyBean@1bce4f0a
2021-03-21 00:46:25.583 [main] INFO  e.g.m.beans.factory.MyDefaultListableBeanFactory -  ioc容器：
key = testcontroller, value = edu.gdpu.MySSM.test.iocAop.contrller.TestController@5e3a8624
2021-03-21 00:46:25.583 [main] INFO  e.g.m.beans.factory.MyDefaultListableBeanFactory -  ioc容器：
key = myaspect, value = edu.gdpu.MySSM.test.iocAop.aspect.MyAspect@5c3bd550
2021-03-21 00:46:25.583 [main] INFO  e.g.m.beans.factory.MyDefaultListableBeanFactory -  ioc容器：
key = testservice, value = edu.gdpu.MySSM.test.iocAop.service.impl.TestServiceImpl@91161c7
2021-03-21 00:46:25.583 [main] INFO  e.g.m.beans.factory.MyDefaultListableBeanFactory -  ioc容器：
key = testconfiguration, value = edu.gdpu.MySSM.test.iocAop.config.TestConfiguration@604ed9f0
2021-03-21 00:50:44.997 [main] INFO  e.g.m.p.facory.AnnoationPostProcessorFactory - 读取文件,初始化annotationPostProcessor的时间为：1007
2021-03-21 00:54:15.415 [main] INFO  e.g.m.p.facory.AnnoationPostProcessorFactory - 读取文件,初始化annotationPostProcessor的时间为：1009
2021-03-21 00:54:15.459 [main] INFO  e.g.m.beans.factory.MyDefaultListableBeanFactory -  ioc容器：
key = MyBean, value = edu.gdpu.MySSM.test.iocAop.MyBean@1bce4f0a
2021-03-21 00:54:15.460 [main] INFO  e.g.m.beans.factory.MyDefaultListableBeanFactory -  ioc容器：
key = testcontroller, value = edu.gdpu.MySSM.test.iocAop.contrller.TestController@5e3a8624
2021-03-21 00:54:15.460 [main] INFO  e.g.m.beans.factory.MyDefaultListableBeanFactory -  ioc容器：
key = myaspect, value = edu.gdpu.MySSM.test.iocAop.aspect.MyAspect@5c3bd550
2021-03-21 00:54:15.460 [main] INFO  e.g.m.beans.factory.MyDefaultListableBeanFactory -  ioc容器：
key = testservice, value = edu.gdpu.MySSM.test.iocAop.service.impl.TestServiceImpl@91161c7
2021-03-21 00:54:15.460 [main] INFO  e.g.m.beans.factory.MyDefaultListableBeanFactory -  ioc容器：
key = testconfiguration, value = edu.gdpu.MySSM.test.iocAop.config.TestConfiguration@604ed9f0
2021-03-21 00:54:47.811 [main] INFO  e.g.m.p.facory.AnnoationPostProcessorFactory - 读取文件,初始化annotationPostProcessor的时间为：1008
2021-03-21 00:54:47.856 [main] INFO  e.g.m.beans.factory.MyDefaultListableBeanFactory -  ioc容器：
key = MyBean, value = edu.gdpu.MySSM.test.iocAop.MyBean@1bce4f0a
2021-03-21 00:54:47.857 [main] INFO  e.g.m.beans.factory.MyDefaultListableBeanFactory -  ioc容器：
key = testcontroller, value = edu.gdpu.MySSM.test.iocAop.contrller.TestController@5e3a8624
2021-03-21 00:54:47.858 [main] INFO  e.g.m.beans.factory.MyDefaultListableBeanFactory -  ioc容器：
key = myaspect, value = edu.gdpu.MySSM.test.iocAop.aspect.MyAspect@5c3bd550
2021-03-21 00:54:47.860 [main] INFO  e.g.m.beans.factory.MyDefaultListableBeanFactory -  ioc容器：
key = testservice, value = edu.gdpu.MySSM.test.iocAop.service.impl.TestServiceImpl@91161c7
2021-03-21 00:54:47.860 [main] INFO  e.g.m.beans.factory.MyDefaultListableBeanFactory -  ioc容器：
key = testconfiguration, value = edu.gdpu.MySSM.test.iocAop.config.TestConfiguration@604ed9f0
2021-03-21 00:56:15.134 [main] INFO  e.g.m.p.facory.AnnoationPostProcessorFactory - 读取文件,初始化annotationPostProcessor的时间为：1010
2021-03-21 00:56:15.176 [main] INFO  e.g.m.beans.factory.MyDefaultListableBeanFactory -  ioc容器：
key = MyBean, value = edu.gdpu.MySSM.test.iocAop.MyBean@1bce4f0a
2021-03-21 00:56:15.176 [main] INFO  e.g.m.beans.factory.MyDefaultListableBeanFactory -  ioc容器：
key = testcontroller, value = edu.gdpu.MySSM.test.iocAop.contrller.TestController@5e3a8624
2021-03-21 00:56:15.176 [main] INFO  e.g.m.beans.factory.MyDefaultListableBeanFactory -  ioc容器：
key = myaspect, value = edu.gdpu.MySSM.test.iocAop.aspect.MyAspect@5c3bd550
2021-03-21 00:56:15.176 [main] INFO  e.g.m.beans.factory.MyDefaultListableBeanFactory -  ioc容器：
key = testservice, value = edu.gdpu.MySSM.test.iocAop.service.impl.TestServiceImpl@91161c7
2021-03-21 00:56:15.177 [main] INFO  e.g.m.beans.factory.MyDefaultListableBeanFactory -  ioc容器：
key = testconfiguration, value = edu.gdpu.MySSM.test.iocAop.config.TestConfiguration@604ed9f0
2021-03-21 00:57:25.704 [main] INFO  e.g.m.p.facory.AnnoationPostProcessorFactory - 读取文件,初始化annotationPostProcessor的时间为：1010
2021-03-21 00:57:25.754 [main] INFO  e.g.m.beans.factory.MyDefaultListableBeanFactory -  ioc容器：
key = MyBean, value = edu.gdpu.MySSM.test.iocAop.MyBean@1bce4f0a
2021-03-21 00:57:25.754 [main] INFO  e.g.m.beans.factory.MyDefaultListableBeanFactory -  ioc容器：
key = testcontroller, value = edu.gdpu.MySSM.test.iocAop.contrller.TestController@5e3a8624
2021-03-21 00:57:25.754 [main] INFO  e.g.m.beans.factory.MyDefaultListableBeanFactory -  ioc容器：
key = myaspect, value = edu.gdpu.MySSM.test.iocAop.aspect.MyAspect@5c3bd550
2021-03-21 00:57:25.755 [main] INFO  e.g.m.beans.factory.MyDefaultListableBeanFactory -  ioc容器：
key = testservice, value = edu.gdpu.MySSM.test.iocAop.service.impl.TestServiceImpl@91161c7
2021-03-21 00:57:25.756 [main] INFO  e.g.m.beans.factory.MyDefaultListableBeanFactory -  ioc容器：
key = testconfiguration, value = edu.gdpu.MySSM.test.iocAop.config.TestConfiguration@604ed9f0
2021-03-21 00:58:13.274 [main] INFO  e.g.m.p.facory.AnnoationPostProcessorFactory - 读取文件,初始化annotationPostProcessor的时间为：1007
2021-03-21 00:58:13.329 [main] INFO  e.g.m.beans.factory.MyDefaultListableBeanFactory -  ioc容器：
key = MyBean, value = edu.gdpu.MySSM.test.iocAop.MyBean@5e3a8624
2021-03-21 00:58:13.330 [main] INFO  e.g.m.beans.factory.MyDefaultListableBeanFactory -  ioc容器：
key = testcontroller, value = edu.gdpu.MySSM.test.iocAop.contrller.TestController@5c3bd550
2021-03-21 00:58:13.330 [main] INFO  e.g.m.beans.factory.MyDefaultListableBeanFactory -  ioc容器：
key = myaspect, value = edu.gdpu.MySSM.test.iocAop.aspect.MyAspect@91161c7
2021-03-21 00:58:13.330 [main] INFO  e.g.m.beans.factory.MyDefaultListableBeanFactory -  ioc容器：
key = testservice, value = edu.gdpu.MySSM.test.iocAop.service.impl.TestServiceImpl@604ed9f0
2021-03-21 00:58:13.330 [main] INFO  e.g.m.beans.factory.MyDefaultListableBeanFactory -  ioc容器：
key = testconfiguration, value = edu.gdpu.MySSM.test.iocAop.config.TestConfiguration@6a4f787b
2021-03-21 00:58:36.559 [main] INFO  e.g.m.p.facory.AnnoationPostProcessorFactory - 读取文件,初始化annotationPostProcessor的时间为：1011
2021-03-21 00:58:36.617 [main] INFO  e.g.m.beans.factory.MyDefaultListableBeanFactory -  ioc容器：
key = MyBean, value = edu.gdpu.MySSM.test.iocAop.MyBean@5e3a8624
2021-03-21 00:58:36.617 [main] INFO  e.g.m.beans.factory.MyDefaultListableBeanFactory -  ioc容器：
key = testcontroller, value = edu.gdpu.MySSM.test.iocAop.contrller.TestController@5c3bd550
2021-03-21 00:58:36.617 [main] INFO  e.g.m.beans.factory.MyDefaultListableBeanFactory -  ioc容器：
key = myaspect, value = edu.gdpu.MySSM.test.iocAop.aspect.MyAspect@91161c7
2021-03-21 00:58:36.617 [main] INFO  e.g.m.beans.factory.MyDefaultListableBeanFactory -  ioc容器：
key = testservice, value = edu.gdpu.MySSM.test.iocAop.service.impl.TestServiceImpl@604ed9f0
2021-03-21 00:58:36.617 [main] INFO  e.g.m.beans.factory.MyDefaultListableBeanFactory -  ioc容器：
key = testconfiguration, value = edu.gdpu.MySSM.test.iocAop.config.TestConfiguration@6a4f787b
2021-03-21 00:59:06.811 [main] INFO  e.g.m.p.facory.AnnoationPostProcessorFactory - 读取文件,初始化annotationPostProcessor的时间为：1008
2021-03-21 00:59:06.859 [main] INFO  e.g.m.beans.factory.MyDefaultListableBeanFactory -  ioc容器：
key = MyBean, value = edu.gdpu.MySSM.test.iocAop.MyBean@5e3a8624
2021-03-21 00:59:06.860 [main] INFO  e.g.m.beans.factory.MyDefaultListableBeanFactory -  ioc容器：
key = testcontroller, value = edu.gdpu.MySSM.test.iocAop.contrller.TestController@5c3bd550
2021-03-21 00:59:06.860 [main] INFO  e.g.m.beans.factory.MyDefaultListableBeanFactory -  ioc容器：
key = myaspect, value = edu.gdpu.MySSM.test.iocAop.aspect.MyAspect@91161c7
2021-03-21 00:59:06.860 [main] INFO  e.g.m.beans.factory.MyDefaultListableBeanFactory -  ioc容器：
key = testservice, value = edu.gdpu.MySSM.test.iocAop.service.impl.TestServiceImpl@66a3ffec
2021-03-21 00:59:06.860 [main] INFO  e.g.m.beans.factory.MyDefaultListableBeanFactory -  ioc容器：
key = testconfiguration, value = edu.gdpu.MySSM.test.iocAop.config.TestConfiguration@604ed9f0
2021-03-21 00:59:44.695 [main] INFO  e.g.m.p.facory.AnnoationPostProcessorFactory - 读取文件,初始化annotationPostProcessor的时间为：1008
2021-03-21 00:59:44.733 [main] INFO  e.g.m.beans.factory.MyDefaultListableBeanFactory -  ioc容器：
key = MyBean, value = edu.gdpu.MySSM.test.iocAop.MyBean@5e3a8624
2021-03-21 00:59:44.734 [main] INFO  e.g.m.beans.factory.MyDefaultListableBeanFactory -  ioc容器：
key = testcontroller, value = edu.gdpu.MySSM.test.iocAop.contrller.TestController@5c3bd550
2021-03-21 00:59:44.734 [main] INFO  e.g.m.beans.factory.MyDefaultListableBeanFactory -  ioc容器：
key = myaspect, value = edu.gdpu.MySSM.test.iocAop.aspect.MyAspect@91161c7
2021-03-21 00:59:44.734 [main] INFO  e.g.m.beans.factory.MyDefaultListableBeanFactory -  ioc容器：
key = testservice, value = edu.gdpu.MySSM.test.iocAop.service.impl.TestServiceImpl@66a3ffec
2021-03-21 00:59:44.734 [main] INFO  e.g.m.beans.factory.MyDefaultListableBeanFactory -  ioc容器：
key = testconfiguration, value = edu.gdpu.MySSM.test.iocAop.config.TestConfiguration@604ed9f0
2021-03-21 01:06:05.129 [main] INFO  e.g.m.p.facory.AnnoationPostProcessorFactory - 读取文件,初始化annotationPostProcessor的时间为：1009
2021-03-21 01:06:05.226 [main] INFO  e.g.m.beans.factory.MyDefaultListableBeanFactory -  ioc容器：
key = MyBean, value = edu.gdpu.MySSM.test.iocAop.MyBean@71318ec4
2021-03-21 01:06:05.227 [main] INFO  e.g.m.beans.factory.MyDefaultListableBeanFactory -  ioc容器：
key = testcontroller, value = edu.gdpu.MySSM.test.iocAop.contrller.TestController@21213b92
2021-03-21 01:06:05.227 [main] INFO  e.g.m.beans.factory.MyDefaultListableBeanFactory -  ioc容器：
key = myaspect, value = edu.gdpu.MySSM.test.iocAop.aspect.MyAspect@a67c67e
2021-03-21 01:06:05.228 [main] INFO  e.g.m.beans.factory.MyDefaultListableBeanFactory -  ioc容器：
key = testservice, value = edu.gdpu.MySSM.test.iocAop.service.impl.TestServiceImpl@3327bd23
2021-03-21 01:06:05.229 [main] INFO  e.g.m.beans.factory.MyDefaultListableBeanFactory -  ioc容器：
key = testconfiguration, value = edu.gdpu.MySSM.test.iocAop.config.TestConfiguration@4e1d422d
2021-03-21 01:06:05.229 [main] INFO  e.g.m.beans.factory.MyDefaultListableBeanFactory -  ioc容器：
key = TestServiceImpl, value = edu.gdpu.MySSM.test.iocAop.service.impl.TestServiceImpl@3327bd23
2021-03-21 01:06:36.129 [main] INFO  e.g.m.p.facory.AnnoationPostProcessorFactory - 读取文件,初始化annotationPostProcessor的时间为：1008
2021-03-21 01:06:36.239 [main] INFO  e.g.m.beans.factory.MyDefaultListableBeanFactory -  ioc容器：
key = MyBean, value = edu.gdpu.MySSM.test.iocAop.MyBean@21213b92
2021-03-21 01:06:36.239 [main] INFO  e.g.m.beans.factory.MyDefaultListableBeanFactory -  ioc容器：
key = testcontroller, value = edu.gdpu.MySSM.test.iocAop.contrller.TestController@a67c67e
2021-03-21 01:06:36.240 [main] INFO  e.g.m.beans.factory.MyDefaultListableBeanFactory -  ioc容器：
key = myaspect, value = edu.gdpu.MySSM.test.iocAop.aspect.MyAspect@3327bd23
2021-03-21 01:06:36.240 [main] INFO  e.g.m.beans.factory.MyDefaultListableBeanFactory -  ioc容器：
key = testservice, value = edu.gdpu.MySSM.test.iocAop.service.impl.TestServiceImpl@4e1d422d
2021-03-21 01:06:36.240 [main] INFO  e.g.m.beans.factory.MyDefaultListableBeanFactory -  ioc容器：
key = testconfiguration, value = edu.gdpu.MySSM.test.iocAop.config.TestConfiguration@66480dd7
2021-03-21 01:06:56.889 [main] INFO  e.g.m.p.facory.AnnoationPostProcessorFactory - 读取文件,初始化annotationPostProcessor的时间为：1010
2021-03-21 01:06:56.994 [main] INFO  e.g.m.beans.factory.MyDefaultListableBeanFactory -  ioc容器：
key = MyBean, value = edu.gdpu.MySSM.test.iocAop.MyBean@71318ec4
2021-03-21 01:06:56.995 [main] INFO  e.g.m.beans.factory.MyDefaultListableBeanFactory -  ioc容器：
key = testcontroller, value = edu.gdpu.MySSM.test.iocAop.contrller.TestController@21213b92
2021-03-21 01:06:56.995 [main] INFO  e.g.m.beans.factory.MyDefaultListableBeanFactory -  ioc容器：
key = myaspect, value = edu.gdpu.MySSM.test.iocAop.aspect.MyAspect@a67c67e
2021-03-21 01:06:56.995 [main] INFO  e.g.m.beans.factory.MyDefaultListableBeanFactory -  ioc容器：
key = testservice, value = edu.gdpu.MySSM.test.iocAop.service.impl.TestServiceImpl@3327bd23
2021-03-21 01:06:56.995 [main] INFO  e.g.m.beans.factory.MyDefaultListableBeanFactory -  ioc容器：
key = testconfiguration, value = edu.gdpu.MySSM.test.iocAop.config.TestConfiguration@4e1d422d
2021-03-21 01:07:34.586 [main] INFO  e.g.m.p.facory.AnnoationPostProcessorFactory - 读取文件,初始化annotationPostProcessor的时间为：1008
2021-03-21 01:07:34.622 [main] INFO  e.g.m.beans.factory.MyDefaultListableBeanFactory -  ioc容器：
key = MyBean, value = edu.gdpu.MySSM.test.iocAop.MyBean@1bce4f0a
2021-03-21 01:07:34.622 [main] INFO  e.g.m.beans.factory.MyDefaultListableBeanFactory -  ioc容器：
key = testcontroller, value = edu.gdpu.MySSM.test.iocAop.contrller.TestController@5e3a8624
2021-03-21 01:07:34.623 [main] INFO  e.g.m.beans.factory.MyDefaultListableBeanFactory -  ioc容器：
key = myaspect, value = edu.gdpu.MySSM.test.iocAop.aspect.MyAspect@5c3bd550
2021-03-21 01:07:34.623 [main] INFO  e.g.m.beans.factory.MyDefaultListableBeanFactory -  ioc容器：
key = testservice, value = edu.gdpu.MySSM.test.iocAop.service.impl.TestServiceImpl@91161c7
2021-03-21 01:07:34.623 [main] INFO  e.g.m.beans.factory.MyDefaultListableBeanFactory -  ioc容器：
key = testconfiguration, value = edu.gdpu.MySSM.test.iocAop.config.TestConfiguration@604ed9f0
2021-03-21 01:07:52.920 [main] INFO  e.g.m.p.facory.AnnoationPostProcessorFactory - 读取文件,初始化annotationPostProcessor的时间为：1008
2021-03-21 01:07:52.977 [main] INFO  e.g.m.beans.factory.MyDefaultListableBeanFactory -  ioc容器：
key = MyBean, value = edu.gdpu.MySSM.test.iocAop.MyBean@1bce4f0a
2021-03-21 01:07:52.978 [main] INFO  e.g.m.beans.factory.MyDefaultListableBeanFactory -  ioc容器：
key = testcontroller, value = edu.gdpu.MySSM.test.iocAop.contrller.TestController@5e3a8624
2021-03-21 01:07:52.978 [main] INFO  e.g.m.beans.factory.MyDefaultListableBeanFactory -  ioc容器：
key = myaspect, value = edu.gdpu.MySSM.test.iocAop.aspect.MyAspect@5c3bd550
2021-03-21 01:07:52.978 [main] INFO  e.g.m.beans.factory.MyDefaultListableBeanFactory -  ioc容器：
key = testservice, value = edu.gdpu.MySSM.test.iocAop.service.impl.TestServiceImpl@91161c7
2021-03-21 01:07:52.979 [main] INFO  e.g.m.beans.factory.MyDefaultListableBeanFactory -  ioc容器：
key = testconfiguration, value = edu.gdpu.MySSM.test.iocAop.config.TestConfiguration@604ed9f0
2021-03-21 01:08:17.606 [main] INFO  e.g.m.p.facory.AnnoationPostProcessorFactory - 读取文件,初始化annotationPostProcessor的时间为：1008
2021-03-21 01:08:17.709 [main] INFO  e.g.m.beans.factory.MyDefaultListableBeanFactory -  ioc容器：
key = MyBean, value = edu.gdpu.MySSM.test.iocAop.MyBean@21213b92
2021-03-21 01:08:17.710 [main] INFO  e.g.m.beans.factory.MyDefaultListableBeanFactory -  ioc容器：
key = testcontroller, value = edu.gdpu.MySSM.test.iocAop.contrller.TestController@a67c67e
2021-03-21 01:08:17.710 [main] INFO  e.g.m.beans.factory.MyDefaultListableBeanFactory -  ioc容器：
key = myaspect, value = edu.gdpu.MySSM.test.iocAop.aspect.MyAspect@3327bd23
2021-03-21 01:08:17.710 [main] INFO  e.g.m.beans.factory.MyDefaultListableBeanFactory -  ioc容器：
key = testservice, value = edu.gdpu.MySSM.test.iocAop.service.impl.TestServiceImpl@2038ae61
2021-03-21 01:08:17.711 [main] INFO  e.g.m.beans.factory.MyDefaultListableBeanFactory -  ioc容器：
key = testconfiguration, value = edu.gdpu.MySSM.test.iocAop.config.TestConfiguration@4e1d422d
2021-03-21 01:09:41.345 [main] INFO  e.g.m.p.facory.AnnoationPostProcessorFactory - 读取文件,初始化annotationPostProcessor的时间为：1009
2021-03-21 01:09:41.437 [main] INFO  e.g.m.beans.factory.MyDefaultListableBeanFactory -  ioc容器：
key = MyBean, value = edu.gdpu.MySSM.test.iocAop.MyBean@21213b92
2021-03-21 01:09:41.437 [main] INFO  e.g.m.beans.factory.MyDefaultListableBeanFactory -  ioc容器：
key = testcontroller, value = edu.gdpu.MySSM.test.iocAop.contrller.TestController@a67c67e
2021-03-21 01:09:41.437 [main] INFO  e.g.m.beans.factory.MyDefaultListableBeanFactory -  ioc容器：
key = myaspect, value = edu.gdpu.MySSM.test.iocAop.aspect.MyAspect@3327bd23
2021-03-21 01:09:41.437 [main] INFO  e.g.m.beans.factory.MyDefaultListableBeanFactory -  ioc容器：
key = testservice, value = edu.gdpu.MySSM.test.iocAop.service.impl.TestServiceImpl@2038ae61
2021-03-21 01:09:41.438 [main] INFO  e.g.m.beans.factory.MyDefaultListableBeanFactory -  ioc容器：
key = testconfiguration, value = edu.gdpu.MySSM.test.iocAop.config.TestConfiguration@4e1d422d
2021-03-21 01:10:30.123 [main] INFO  e.g.m.p.facory.AnnoationPostProcessorFactory - 读取文件,初始化annotationPostProcessor的时间为：1007
2021-03-21 01:10:30.224 [main] INFO  e.g.m.beans.factory.MyDefaultListableBeanFactory -  ioc容器：
key = MyBean, value = edu.gdpu.MySSM.test.iocAop.MyBean@21213b92
2021-03-21 01:10:30.225 [main] INFO  e.g.m.beans.factory.MyDefaultListableBeanFactory -  ioc容器：
key = testcontroller, value = edu.gdpu.MySSM.test.iocAop.contrller.TestController@a67c67e
2021-03-21 01:10:30.225 [main] INFO  e.g.m.beans.factory.MyDefaultListableBeanFactory -  ioc容器：
key = myaspect, value = edu.gdpu.MySSM.test.iocAop.aspect.MyAspect@3327bd23
2021-03-21 01:10:30.225 [main] INFO  e.g.m.beans.factory.MyDefaultListableBeanFactory -  ioc容器：
key = testservice, value = edu.gdpu.MySSM.test.iocAop.service.impl.TestServiceImpl@2038ae61
2021-03-21 01:10:30.225 [main] INFO  e.g.m.beans.factory.MyDefaultListableBeanFactory -  ioc容器：
key = testconfiguration, value = edu.gdpu.MySSM.test.iocAop.config.TestConfiguration@4e1d422d
2021-03-21 01:20:38.447 [main] INFO  e.g.m.p.facory.AnnoationPostProcessorFactory - 读取文件,初始化annotationPostProcessor的时间为：1010
2021-03-21 01:20:38.535 [main] INFO  e.g.m.beans.factory.MyDefaultListableBeanFactory -  ioc容器：
key = MyBean, value = edu.gdpu.MySSM.test.iocAop.MyBean@21213b92
2021-03-21 01:20:38.536 [main] INFO  e.g.m.beans.factory.MyDefaultListableBeanFactory -  ioc容器：
key = testcontroller, value = edu.gdpu.MySSM.test.iocAop.contrller.TestController@a67c67e
2021-03-21 01:20:38.536 [main] INFO  e.g.m.beans.factory.MyDefaultListableBeanFactory -  ioc容器：
key = myaspect, value = edu.gdpu.MySSM.test.iocAop.aspect.MyAspect@3327bd23
2021-03-21 01:20:38.536 [main] INFO  e.g.m.beans.factory.MyDefaultListableBeanFactory -  ioc容器：
key = testservice, value = edu.gdpu.MySSM.test.iocAop.service.impl.TestServiceImpl@2038ae61
2021-03-21 01:20:38.536 [main] INFO  e.g.m.beans.factory.MyDefaultListableBeanFactory -  ioc容器：
key = testconfiguration, value = edu.gdpu.MySSM.test.iocAop.config.TestConfiguration@4e1d422d
2021-03-21 01:21:24.536 [main] INFO  e.g.m.p.facory.AnnoationPostProcessorFactory - 读取文件,初始化annotationPostProcessor的时间为：1010
2021-03-21 01:21:24.614 [main] INFO  e.g.m.beans.factory.MyDefaultListableBeanFactory -  ioc容器：
key = MyBean, value = edu.gdpu.MySSM.test.iocAop.MyBean@21213b92
2021-03-21 01:21:24.614 [main] INFO  e.g.m.beans.factory.MyDefaultListableBeanFactory -  ioc容器：
key = testcontroller, value = edu.gdpu.MySSM.test.iocAop.contrller.TestController@a67c67e
2021-03-21 01:21:24.614 [main] INFO  e.g.m.beans.factory.MyDefaultListableBeanFactory -  ioc容器：
key = myaspect, value = edu.gdpu.MySSM.test.iocAop.aspect.MyAspect@3327bd23
2021-03-21 01:21:24.615 [main] INFO  e.g.m.beans.factory.MyDefaultListableBeanFactory -  ioc容器：
key = testservice, value = edu.gdpu.MySSM.test.iocAop.service.impl.TestServiceImpl@2038ae61
2021-03-21 01:21:24.616 [main] INFO  e.g.m.beans.factory.MyDefaultListableBeanFactory -  ioc容器：
key = testconfiguration, value = edu.gdpu.MySSM.test.iocAop.config.TestConfiguration@4e1d422d
2021-03-21 01:22:50.811 [main] INFO  e.g.m.p.facory.AnnoationPostProcessorFactory - 读取文件,初始化annotationPostProcessor的时间为：1009
2021-03-21 01:22:50.891 [main] INFO  e.g.m.beans.factory.MyDefaultListableBeanFactory -  ioc容器：
key = MyBean, value = edu.gdpu.MySSM.test.iocAop.MyBean@21213b92
2021-03-21 01:22:50.891 [main] INFO  e.g.m.beans.factory.MyDefaultListableBeanFactory -  ioc容器：
key = testcontroller, value = edu.gdpu.MySSM.test.iocAop.contrller.TestController@a67c67e
2021-03-21 01:22:50.891 [main] INFO  e.g.m.beans.factory.MyDefaultListableBeanFactory -  ioc容器：
key = myaspect, value = edu.gdpu.MySSM.test.iocAop.aspect.MyAspect@3327bd23
2021-03-21 01:22:50.891 [main] INFO  e.g.m.beans.factory.MyDefaultListableBeanFactory -  ioc容器：
key = testservice, value = edu.gdpu.MySSM.test.iocAop.service.impl.TestServiceImpl@2038ae61
2021-03-21 01:22:50.891 [main] INFO  e.g.m.beans.factory.MyDefaultListableBeanFactory -  ioc容器：
key = testconfiguration, value = edu.gdpu.MySSM.test.iocAop.config.TestConfiguration@4e1d422d
2021-03-21 01:23:00.694 [main] INFO  e.g.m.p.facory.AnnoationPostProcessorFactory - 读取文件,初始化annotationPostProcessor的时间为：1010
2021-03-21 01:23:00.785 [main] INFO  e.g.m.beans.factory.MyDefaultListableBeanFactory -  ioc容器：
key = MyBean, value = edu.gdpu.MySSM.test.iocAop.MyBean@21213b92
2021-03-21 01:23:00.786 [main] INFO  e.g.m.beans.factory.MyDefaultListableBeanFactory -  ioc容器：
key = testcontroller, value = edu.gdpu.MySSM.test.iocAop.contrller.TestController@a67c67e
2021-03-21 01:23:00.786 [main] INFO  e.g.m.beans.factory.MyDefaultListableBeanFactory -  ioc容器：
key = myaspect, value = edu.gdpu.MySSM.test.iocAop.aspect.MyAspect@3327bd23
2021-03-21 01:23:00.786 [main] INFO  e.g.m.beans.factory.MyDefaultListableBeanFactory -  ioc容器：
key = testservice, value = edu.gdpu.MySSM.test.iocAop.service.impl.TestServiceImpl@2038ae61
2021-03-21 01:23:00.786 [main] INFO  e.g.m.beans.factory.MyDefaultListableBeanFactory -  ioc容器：
key = testconfiguration, value = edu.gdpu.MySSM.test.iocAop.config.TestConfiguration@4e1d422d
2021-03-21 01:24:04.547 [main] INFO  e.g.m.p.facory.AnnoationPostProcessorFactory - 读取文件,初始化annotationPostProcessor的时间为：1009
2021-03-21 01:24:48.679 [main] INFO  e.g.m.p.facory.AnnoationPostProcessorFactory - 读取文件,初始化annotationPostProcessor的时间为：1007
2021-03-21 11:18:08.267 [main] INFO  e.g.m.p.facory.AnnoationPostProcessorFactory - 读取文件,初始化annotationPostProcessor的时间为：1778
2021-03-21 11:20:57.027 [main] INFO  e.g.m.p.facory.AnnoationPostProcessorFactory - 读取文件,初始化annotationPostProcessor的时间为：1009
2021-03-21 11:21:56.483 [main] INFO  e.g.m.p.facory.AnnoationPostProcessorFactory - 读取文件,初始化annotationPostProcessor的时间为：1008
2021-03-21 11:22:13.815 [main] INFO  e.g.m.p.facory.AnnoationPostProcessorFactory - 读取文件,初始化annotationPostProcessor的时间为：1017
2021-03-21 11:23:09.629 [main] INFO  e.g.m.p.facory.AnnoationPostProcessorFactory - 读取文件,初始化annotationPostProcessor的时间为：1020
2021-03-21 11:23:39.375 [main] INFO  e.g.m.p.facory.AnnoationPostProcessorFactory - 读取文件,初始化annotationPostProcessor的时间为：1017
2021-03-21 11:23:56.863 [main] INFO  e.g.m.p.facory.AnnoationPostProcessorFactory - 读取文件,初始化annotationPostProcessor的时间为：1019
2021-03-21 11:24:58.510 [main] INFO  e.g.m.p.facory.AnnoationPostProcessorFactory - 读取文件,初始化annotationPostProcessor的时间为：1011
2021-03-21 11:24:58.600 [main] INFO  e.g.m.beans.factory.MyDefaultListableBeanFactory -  ioc容器：
key = MyBean, value = edu.gdpu.MySSM.test.iocAop.MyBean@71318ec4
2021-03-21 11:24:58.600 [main] INFO  e.g.m.beans.factory.MyDefaultListableBeanFactory -  ioc容器：
key = testcontroller, value = edu.gdpu.MySSM.test.iocAop.contrller.TestController@21213b92
2021-03-21 11:24:58.600 [main] INFO  e.g.m.beans.factory.MyDefaultListableBeanFactory -  ioc容器：
key = myaspect, value = edu.gdpu.MySSM.test.iocAop.aspect.MyAspect@a67c67e
2021-03-21 11:24:58.600 [main] INFO  e.g.m.beans.factory.MyDefaultListableBeanFactory -  ioc容器：
key = testservice, value = edu.gdpu.MySSM.test.iocAop.service.impl.TestServiceImpl@3327bd23
2021-03-21 11:24:58.600 [main] INFO  e.g.m.beans.factory.MyDefaultListableBeanFactory -  ioc容器：
key = testconfiguration, value = edu.gdpu.MySSM.test.iocAop.config.TestConfiguration@4e1d422d
2021-03-21 11:25:30.856 [main] INFO  e.g.m.p.facory.AnnoationPostProcessorFactory - 读取文件,初始化annotationPostProcessor的时间为：1015
2021-03-21 11:25:30.943 [main] INFO  e.g.m.beans.factory.MyDefaultListableBeanFactory -  ioc容器：
key = MyBean, value = edu.gdpu.MySSM.test.iocAop.MyBean@71318ec4
2021-03-21 11:25:30.943 [main] INFO  e.g.m.beans.factory.MyDefaultListableBeanFactory -  ioc容器：
key = testcontroller, value = edu.gdpu.MySSM.test.iocAop.contrller.TestController@21213b92
2021-03-21 11:25:30.943 [main] INFO  e.g.m.beans.factory.MyDefaultListableBeanFactory -  ioc容器：
key = myaspect, value = edu.gdpu.MySSM.test.iocAop.aspect.MyAspect@a67c67e
2021-03-21 11:25:30.943 [main] INFO  e.g.m.beans.factory.MyDefaultListableBeanFactory -  ioc容器：
key = testservice, value = edu.gdpu.MySSM.test.iocAop.service.impl.TestServiceImpl@3327bd23
2021-03-21 11:25:30.943 [main] INFO  e.g.m.beans.factory.MyDefaultListableBeanFactory -  ioc容器：
key = testconfiguration, value = edu.gdpu.MySSM.test.iocAop.config.TestConfiguration@4e1d422d
2021-03-21 11:28:30.643 [main] INFO  e.g.m.p.facory.AnnoationPostProcessorFactory - 读取文件,初始化annotationPostProcessor的时间为：1012
2021-03-21 11:28:30.713 [main] INFO  e.g.m.beans.factory.MyDefaultListableBeanFactory -  ioc容器：
key = MyBean, value = edu.gdpu.MySSM.test.iocAop.MyBean@71318ec4
2021-03-21 11:28:30.713 [main] INFO  e.g.m.beans.factory.MyDefaultListableBeanFactory -  ioc容器：
key = testcontroller, value = edu.gdpu.MySSM.test.iocAop.contrller.TestController@21213b92
2021-03-21 11:28:30.713 [main] INFO  e.g.m.beans.factory.MyDefaultListableBeanFactory -  ioc容器：
key = myaspect, value = edu.gdpu.MySSM.test.iocAop.aspect.MyAspect@a67c67e
2021-03-21 11:28:30.713 [main] INFO  e.g.m.beans.factory.MyDefaultListableBeanFactory -  ioc容器：
key = testservice, value = edu.gdpu.MySSM.test.iocAop.service.impl.TestServiceImpl@3327bd23
2021-03-21 11:28:30.713 [main] INFO  e.g.m.beans.factory.MyDefaultListableBeanFactory -  ioc容器：
key = testconfiguration, value = edu.gdpu.MySSM.test.iocAop.config.TestConfiguration@4e1d422d
2021-03-21 11:29:22.104 [main] INFO  e.g.m.p.facory.AnnoationPostProcessorFactory - 读取文件,初始化annotationPostProcessor的时间为：1019
2021-03-21 11:29:22.194 [main] INFO  e.g.m.beans.factory.MyDefaultListableBeanFactory -  ioc容器：
key = MyBean, value = edu.gdpu.MySSM.test.iocAop.MyBean@71318ec4
2021-03-21 11:29:22.194 [main] INFO  e.g.m.beans.factory.MyDefaultListableBeanFactory -  ioc容器：
key = testcontroller, value = edu.gdpu.MySSM.test.iocAop.contrller.TestController@21213b92
2021-03-21 11:29:22.194 [main] INFO  e.g.m.beans.factory.MyDefaultListableBeanFactory -  ioc容器：
key = myaspect, value = edu.gdpu.MySSM.test.iocAop.aspect.MyAspect@a67c67e
2021-03-21 11:29:22.194 [main] INFO  edu.gdpu.spring.aop.framework.JDKAopProxy - 目标对象不符合拦截规则，不需进行增强
2021-03-21 11:29:22.194 [main] INFO  edu.gdpu.spring.aop.framework.JDKAopProxy - 目标对象不符合拦截规则，不需进行增强
2021-03-21 11:29:22.194 [main] INFO  edu.gdpu.spring.aop.framework.JDKAopProxy - 目标对象不符合拦截规则，不需进行增强
2021-03-21 11:29:22.194 [main] INFO  edu.gdpu.spring.aop.framework.JDKAopProxy - 目标对象不符合拦截规则，不需进行增强
2021-03-21 11:29:22.194 [main] INFO  e.g.m.beans.factory.MyDefaultListableBeanFactory -  ioc容器：
key = testservice, value = edu.gdpu.MySSM.test.iocAop.service.impl.TestServiceImpl@3327bd23
2021-03-21 11:29:22.194 [main] INFO  e.g.m.beans.factory.MyDefaultListableBeanFactory -  ioc容器：
key = testconfiguration, value = edu.gdpu.MySSM.test.iocAop.config.TestConfiguration@4e1d422d
2021-03-21 11:29:22.194 [main] INFO  edu.gdpu.spring.aop.framework.JDKAopProxy - 目标对象不符合拦截规则，不需进行增强
2021-03-21 11:29:22.194 [main] INFO  edu.gdpu.spring.aop.framework.JDKAopProxy - 目标对象不符合拦截规则，不需进行增强
2021-03-21 11:29:22.194 [main] INFO  edu.gdpu.spring.aop.framework.JDKAopProxy - 目标对象不符合拦截规则，不需进行增强
2021-03-21 11:29:22.194 [main] INFO  edu.gdpu.spring.aop.framework.JDKAopProxy - 目标对象不符合拦截规则，不需进行增强
2021-03-21 11:29:51.274 [main] INFO  e.g.m.p.facory.AnnoationPostProcessorFactory - 读取文件,初始化annotationPostProcessor的时间为：1018
2021-03-21 11:29:51.374 [main] INFO  edu.gdpu.spring.aop.framework.JDKAopProxy - 目标对象不符合拦截规则，不需进行增强
2021-03-21 11:29:51.374 [main] INFO  edu.gdpu.spring.aop.framework.JDKAopProxy - 目标对象不符合拦截规则，不需进行增强
2021-03-21 11:29:51.374 [main] INFO  edu.gdpu.spring.aop.framework.JDKAopProxy - 目标对象不符合拦截规则，不需进行增强
2021-03-21 11:29:51.374 [main] INFO  edu.gdpu.spring.aop.framework.JDKAopProxy - 目标对象不符合拦截规则，不需进行增强
2021-03-21 11:30:54.705 [main] INFO  e.g.m.p.facory.AnnoationPostProcessorFactory - 读取文件,初始化annotationPostProcessor的时间为：1008
2021-03-21 11:30:54.775 [main] INFO  edu.gdpu.spring.aop.framework.JDKAopProxy - 目标对象不符合拦截规则，不需进行增强
2021-03-21 11:30:54.775 [main] INFO  edu.gdpu.spring.aop.framework.JDKAopProxy - 目标对象不符合拦截规则，不需进行增强
2021-03-21 11:30:54.775 [main] INFO  edu.gdpu.spring.aop.framework.JDKAopProxy - 目标对象不符合拦截规则，不需进行增强
2021-03-21 11:30:54.775 [main] INFO  edu.gdpu.spring.aop.framework.JDKAopProxy - 目标对象不符合拦截规则，不需进行增强
2021-03-21 11:32:13.029 [main] INFO  e.g.m.p.facory.AnnoationPostProcessorFactory - 读取文件,初始化annotationPostProcessor的时间为：1013
2021-03-21 11:32:13.131 [main] INFO  edu.gdpu.spring.aop.framework.JDKAopProxy - 目标对象不符合拦截规则，不需进行增强
2021-03-21 11:32:13.131 [main] INFO  edu.gdpu.spring.aop.framework.JDKAopProxy - 目标对象不符合拦截规则，不需进行增强
2021-03-21 11:32:13.131 [main] INFO  edu.gdpu.spring.aop.framework.JDKAopProxy - 目标对象不符合拦截规则，不需进行增强
2021-03-21 11:32:13.131 [main] INFO  edu.gdpu.spring.aop.framework.JDKAopProxy - 目标对象不符合拦截规则，不需进行增强
2021-03-21 11:33:03.694 [main] INFO  e.g.m.p.facory.AnnoationPostProcessorFactory - 读取文件,初始化annotationPostProcessor的时间为：1018
2021-03-21 11:33:03.785 [main] INFO  edu.gdpu.spring.aop.framework.JDKAopProxy - 目标对象不符合拦截规则，不需进行增强:class edu.gdpu.MySSM.test.iocAop.service.impl.TestServiceImpl
2021-03-21 11:33:03.785 [main] INFO  edu.gdpu.spring.aop.framework.JDKAopProxy - 目标对象不符合拦截规则，不需进行增强:class edu.gdpu.MySSM.test.iocAop.service.impl.TestServiceImpl
2021-03-21 11:33:03.785 [main] INFO  edu.gdpu.spring.aop.framework.JDKAopProxy - 目标对象不符合拦截规则，不需进行增强:class edu.gdpu.MySSM.test.iocAop.service.impl.TestServiceImpl
2021-03-21 11:33:03.785 [main] INFO  edu.gdpu.spring.aop.framework.JDKAopProxy - 目标对象不符合拦截规则，不需进行增强:class edu.gdpu.MySSM.test.iocAop.service.impl.TestServiceImpl
2021-03-21 11:34:05.024 [main] INFO  e.g.m.p.facory.AnnoationPostProcessorFactory - 读取文件,初始化annotationPostProcessor的时间为：1009
2021-03-21 11:34:05.104 [main] INFO  edu.gdpu.spring.aop.framework.JDKAopProxy - 目标对象不符合拦截规则，不需进行增强:class edu.gdpu.MySSM.test.iocAop.service.impl.TestServiceImpl
2021-03-21 11:34:05.104 [main] INFO  edu.gdpu.spring.aop.framework.JDKAopProxy - 目标对象不符合拦截规则，不需进行增强:class edu.gdpu.MySSM.test.iocAop.service.impl.TestServiceImpl
2021-03-21 11:34:05.104 [main] INFO  edu.gdpu.spring.aop.framework.JDKAopProxy - 目标对象不符合拦截规则，不需进行增强:class edu.gdpu.MySSM.test.iocAop.service.impl.TestServiceImpl
2021-03-21 11:34:05.104 [main] INFO  edu.gdpu.spring.aop.framework.JDKAopProxy - 目标对象不符合拦截规则，不需进行增强:class edu.gdpu.MySSM.test.iocAop.service.impl.TestServiceImpl
2021-03-21 11:34:51.298 [main] INFO  e.g.m.p.facory.AnnoationPostProcessorFactory - 读取文件,初始化annotationPostProcessor的时间为：1019
2021-03-21 11:34:51.378 [main] INFO  edu.gdpu.spring.aop.framework.JDKAopProxy - 目标对象不符合拦截规则，不需进行增强:class edu.gdpu.MySSM.test.iocAop.service.impl.TestServiceImpl
2021-03-21 11:34:51.378 [main] INFO  edu.gdpu.spring.aop.framework.JDKAopProxy - 目标对象不符合拦截规则，不需进行增强:class edu.gdpu.MySSM.test.iocAop.service.impl.TestServiceImpl
2021-03-21 11:34:51.378 [main] INFO  edu.gdpu.spring.aop.framework.JDKAopProxy - 目标对象不符合拦截规则，不需进行增强:class edu.gdpu.MySSM.test.iocAop.service.impl.TestServiceImpl
2021-03-21 11:34:51.378 [main] INFO  edu.gdpu.spring.aop.framework.JDKAopProxy - 目标对象不符合拦截规则，不需进行增强:class edu.gdpu.MySSM.test.iocAop.service.impl.TestServiceImpl
2021-03-21 11:35:12.411 [main] INFO  e.g.m.p.facory.AnnoationPostProcessorFactory - 读取文件,初始化annotationPostProcessor的时间为：1011
2021-03-21 11:35:12.491 [main] INFO  edu.gdpu.spring.aop.framework.JDKAopProxy - 目标对象不符合拦截规则，不需进行增强:class edu.gdpu.MySSM.test.iocAop.service.impl.TestServiceImpl
2021-03-21 11:35:12.491 [main] INFO  edu.gdpu.spring.aop.framework.JDKAopProxy - 目标对象不符合拦截规则，不需进行增强:class edu.gdpu.MySSM.test.iocAop.service.impl.TestServiceImpl
2021-03-21 11:35:12.491 [main] INFO  edu.gdpu.spring.aop.framework.JDKAopProxy - 目标对象不符合拦截规则，不需进行增强:class edu.gdpu.MySSM.test.iocAop.service.impl.TestServiceImpl
2021-03-21 11:35:12.491 [main] INFO  edu.gdpu.spring.aop.framework.JDKAopProxy - 目标对象不符合拦截规则，不需进行增强:class edu.gdpu.MySSM.test.iocAop.service.impl.TestServiceImpl
2021-03-21 11:36:37.917 [main] INFO  e.g.m.p.facory.AnnoationPostProcessorFactory - 读取文件,初始化annotationPostProcessor的时间为：1018
2021-03-21 11:36:37.997 [main] INFO  edu.gdpu.spring.aop.framework.JDKAopProxy - 目标对象不符合拦截规则，不需进行增强:class edu.gdpu.MySSM.test.iocAop.service.impl.TestServiceImpl
2021-03-21 11:36:37.997 [main] INFO  edu.gdpu.spring.aop.framework.JDKAopProxy - 目标对象不符合拦截规则，不需进行增强:class edu.gdpu.MySSM.test.iocAop.service.impl.TestServiceImpl
2021-03-21 11:36:37.997 [main] INFO  edu.gdpu.spring.aop.framework.JDKAopProxy - 目标对象不符合拦截规则，不需进行增强:class edu.gdpu.MySSM.test.iocAop.service.impl.TestServiceImpl
2021-03-21 11:36:37.997 [main] INFO  edu.gdpu.spring.aop.framework.JDKAopProxy - 目标对象不符合拦截规则，不需进行增强:class edu.gdpu.MySSM.test.iocAop.service.impl.TestServiceImpl
2021-03-21 11:36:58.337 [main] INFO  e.g.m.p.facory.AnnoationPostProcessorFactory - 读取文件,初始化annotationPostProcessor的时间为：1009
2021-03-21 11:36:58.407 [main] INFO  edu.gdpu.spring.aop.framework.JDKAopProxy - 目标对象不符合拦截规则，不需进行增强:class edu.gdpu.MySSM.test.iocAop.service.impl.TestServiceImpl
2021-03-21 11:36:58.417 [main] INFO  edu.gdpu.spring.aop.framework.JDKAopProxy - 目标对象不符合拦截规则，不需进行增强:class edu.gdpu.MySSM.test.iocAop.service.impl.TestServiceImpl
2021-03-21 11:36:58.417 [main] INFO  edu.gdpu.spring.aop.framework.JDKAopProxy - 目标对象不符合拦截规则，不需进行增强:class edu.gdpu.MySSM.test.iocAop.service.impl.TestServiceImpl
2021-03-21 11:36:58.417 [main] INFO  edu.gdpu.spring.aop.framework.JDKAopProxy - 目标对象不符合拦截规则，不需进行增强:class edu.gdpu.MySSM.test.iocAop.service.impl.TestServiceImpl
2021-03-21 11:37:22.142 [main] INFO  e.g.m.p.facory.AnnoationPostProcessorFactory - 读取文件,初始化annotationPostProcessor的时间为：1000
2021-03-21 11:37:22.232 [main] INFO  edu.gdpu.spring.aop.framework.JDKAopProxy - 目标对象不符合拦截规则，不需进行增强:class edu.gdpu.MySSM.test.iocAop.service.impl.TestServiceImpl
2021-03-21 11:37:22.232 [main] INFO  edu.gdpu.spring.aop.framework.JDKAopProxy - 目标对象不符合拦截规则，不需进行增强:class edu.gdpu.MySSM.test.iocAop.service.impl.TestServiceImpl
2021-03-21 11:37:22.232 [main] INFO  edu.gdpu.spring.aop.framework.JDKAopProxy - 目标对象不符合拦截规则，不需进行增强:class edu.gdpu.MySSM.test.iocAop.service.impl.TestServiceImpl
2021-03-21 11:37:22.232 [main] INFO  edu.gdpu.spring.aop.framework.JDKAopProxy - 目标对象不符合拦截规则，不需进行增强:class edu.gdpu.MySSM.test.iocAop.service.impl.TestServiceImpl
2021-03-21 11:37:48.006 [main] INFO  e.g.m.p.facory.AnnoationPostProcessorFactory - 读取文件,初始化annotationPostProcessor的时间为：1009
2021-03-21 11:37:48.090 [main] INFO  edu.gdpu.spring.aop.framework.JDKAopProxy - 目标对象不符合拦截规则，不需进行增强:class edu.gdpu.MySSM.test.iocAop.service.impl.TestServiceImpl
2021-03-21 11:37:48.090 [main] INFO  edu.gdpu.spring.aop.framework.JDKAopProxy - 目标对象不符合拦截规则，不需进行增强:class edu.gdpu.MySSM.test.iocAop.service.impl.TestServiceImpl
2021-03-21 11:37:48.090 [main] INFO  edu.gdpu.spring.aop.framework.JDKAopProxy - 目标对象不符合拦截规则，不需进行增强:class edu.gdpu.MySSM.test.iocAop.service.impl.TestServiceImpl
2021-03-21 11:37:48.090 [main] INFO  edu.gdpu.spring.aop.framework.JDKAopProxy - 目标对象不符合拦截规则，不需进行增强:class edu.gdpu.MySSM.test.iocAop.service.impl.TestServiceImpl
2021-03-21 11:38:32.120 [main] INFO  e.g.m.p.facory.AnnoationPostProcessorFactory - 读取文件,初始化annotationPostProcessor的时间为：1017
2021-03-21 11:38:32.230 [main] INFO  edu.gdpu.spring.aop.framework.JDKAopProxy - 目标对象不符合拦截规则，不需进行增强:class edu.gdpu.MySSM.test.iocAop.service.impl.TestServiceImpl
2021-03-21 11:38:32.230 [main] INFO  edu.gdpu.spring.aop.framework.JDKAopProxy - 目标对象不符合拦截规则，不需进行增强:class edu.gdpu.MySSM.test.iocAop.service.impl.TestServiceImpl
2021-03-21 11:38:32.230 [main] INFO  edu.gdpu.spring.aop.framework.JDKAopProxy - 目标对象不符合拦截规则，不需进行增强:class edu.gdpu.MySSM.test.iocAop.service.impl.TestServiceImpl
2021-03-21 11:38:32.230 [main] INFO  edu.gdpu.spring.aop.framework.JDKAopProxy - 目标对象不符合拦截规则，不需进行增强:class edu.gdpu.MySSM.test.iocAop.service.impl.TestServiceImpl
2021-03-21 11:39:50.692 [main] INFO  e.g.m.p.facory.AnnoationPostProcessorFactory - 读取文件,初始化annotationPostProcessor的时间为：1001
2021-03-21 11:39:50.772 [main] INFO  edu.gdpu.spring.aop.framework.JDKAopProxy - 目标对象不符合拦截规则，不需进行增强:class edu.gdpu.MySSM.test.iocAop.service.impl.TestServiceImpl
2021-03-21 11:39:50.772 [main] INFO  edu.gdpu.spring.aop.framework.JDKAopProxy - 目标对象不符合拦截规则，不需进行增强:class edu.gdpu.MySSM.test.iocAop.service.impl.TestServiceImpl
2021-03-21 11:39:50.772 [main] INFO  edu.gdpu.spring.aop.framework.JDKAopProxy - 目标对象不符合拦截规则，不需进行增强:class edu.gdpu.MySSM.test.iocAop.service.impl.TestServiceImpl
2021-03-21 11:39:50.772 [main] INFO  edu.gdpu.spring.aop.framework.JDKAopProxy - 目标对象不符合拦截规则，不需进行增强:class edu.gdpu.MySSM.test.iocAop.service.impl.TestServiceImpl
2021-03-21 11:40:00.699 [main] INFO  e.g.m.p.facory.AnnoationPostProcessorFactory - 读取文件,初始化annotationPostProcessor的时间为：1000
2021-03-21 11:40:00.789 [main] INFO  edu.gdpu.spring.aop.framework.JDKAopProxy - 目标对象不符合拦截规则，不需进行增强:class edu.gdpu.MySSM.test.iocAop.service.impl.TestServiceImpl
2021-03-21 11:40:00.789 [main] INFO  edu.gdpu.spring.aop.framework.JDKAopProxy - 目标对象不符合拦截规则，不需进行增强:class edu.gdpu.MySSM.test.iocAop.service.impl.TestServiceImpl
2021-03-21 11:40:00.789 [main] INFO  edu.gdpu.spring.aop.framework.JDKAopProxy - 目标对象不符合拦截规则，不需进行增强:class edu.gdpu.MySSM.test.iocAop.service.impl.TestServiceImpl
2021-03-21 11:40:00.789 [main] INFO  edu.gdpu.spring.aop.framework.JDKAopProxy - 目标对象不符合拦截规则，不需进行增强:class edu.gdpu.MySSM.test.iocAop.service.impl.TestServiceImpl
2021-03-21 11:42:10.121 [main] INFO  e.g.m.p.facory.AnnoationPostProcessorFactory - 读取文件,初始化annotationPostProcessor的时间为：1015
2021-03-21 11:42:10.211 [main] INFO  edu.gdpu.spring.aop.framework.JDKAopProxy - 目标对象不符合拦截规则，不需进行增强:class edu.gdpu.MySSM.test.iocAop.service.impl.TestServiceImpl
2021-03-21 11:42:10.211 [main] INFO  edu.gdpu.spring.aop.framework.JDKAopProxy - 目标对象不符合拦截规则，不需进行增强:class edu.gdpu.MySSM.test.iocAop.service.impl.TestServiceImpl
2021-03-21 11:42:10.211 [main] INFO  edu.gdpu.spring.aop.framework.JDKAopProxy - 目标对象不符合拦截规则，不需进行增强:class edu.gdpu.MySSM.test.iocAop.service.impl.TestServiceImpl
2021-03-21 11:42:10.221 [main] INFO  edu.gdpu.spring.aop.framework.JDKAopProxy - 目标对象不符合拦截规则，不需进行增强:class edu.gdpu.MySSM.test.iocAop.service.impl.TestServiceImpl
2021-03-21 11:43:22.060 [main] INFO  e.g.m.p.facory.AnnoationPostProcessorFactory - 读取文件,初始化annotationPostProcessor的时间为：1002
2021-03-21 11:43:22.160 [main] INFO  edu.gdpu.spring.aop.framework.JDKAopProxy - 目标对象不符合拦截规则，不需进行增强:class edu.gdpu.MySSM.test.iocAop.service.impl.TestServiceImpl
2021-03-21 11:43:22.160 [main] INFO  edu.gdpu.spring.aop.framework.JDKAopProxy - 目标对象不符合拦截规则，不需进行增强:class edu.gdpu.MySSM.test.iocAop.service.impl.TestServiceImpl
2021-03-21 11:43:22.160 [main] INFO  edu.gdpu.spring.aop.framework.JDKAopProxy - 目标对象不符合拦截规则，不需进行增强:class edu.gdpu.MySSM.test.iocAop.service.impl.TestServiceImpl
2021-03-21 11:43:22.160 [main] INFO  edu.gdpu.spring.aop.framework.JDKAopProxy - 目标对象不符合拦截规则，不需进行增强:class edu.gdpu.MySSM.test.iocAop.service.impl.TestServiceImpl
2021-03-21 11:43:55.576 [main] INFO  e.g.m.p.facory.AnnoationPostProcessorFactory - 读取文件,初始化annotationPostProcessor的时间为：1019
2021-03-21 11:43:55.646 [main] INFO  edu.gdpu.spring.aop.framework.JDKAopProxy - 目标对象不符合拦截规则，不需进行增强:class edu.gdpu.MySSM.test.iocAop.service.impl.TestServiceImpl
2021-03-21 11:43:55.646 [main] INFO  edu.gdpu.spring.aop.framework.JDKAopProxy - 目标对象不符合拦截规则，不需进行增强:class edu.gdpu.MySSM.test.iocAop.service.impl.TestServiceImpl
2021-03-21 11:43:55.656 [main] INFO  edu.gdpu.spring.aop.framework.JDKAopProxy - 目标对象不符合拦截规则，不需进行增强:class edu.gdpu.MySSM.test.iocAop.service.impl.TestServiceImpl
2021-03-21 11:43:55.656 [main] INFO  edu.gdpu.spring.aop.framework.JDKAopProxy - 目标对象不符合拦截规则，不需进行增强:class edu.gdpu.MySSM.test.iocAop.service.impl.TestServiceImpl
2021-03-21 11:43:55.656 [main] INFO  edu.gdpu.spring.aop.framework.JDKAopProxy - 目标对象不符合拦截规则，不需进行增强:class edu.gdpu.MySSM.test.iocAop.service.impl.TestServiceImpl
2021-03-21 11:43:55.656 [main] INFO  edu.gdpu.spring.aop.framework.JDKAopProxy - 目标对象不符合拦截规则，不需进行增强:class edu.gdpu.MySSM.test.iocAop.service.impl.TestServiceImpl
2021-03-21 11:43:55.656 [main] INFO  edu.gdpu.spring.aop.framework.JDKAopProxy - 目标对象不符合拦截规则，不需进行增强:class edu.gdpu.MySSM.test.iocAop.service.impl.TestServiceImpl
2021-03-21 11:43:55.656 [main] INFO  edu.gdpu.spring.aop.framework.JDKAopProxy - 目标对象不符合拦截规则，不需进行增强:class edu.gdpu.MySSM.test.iocAop.service.impl.TestServiceImpl
2021-03-21 11:45:03.627 [main] INFO  e.g.m.p.facory.AnnoationPostProcessorFactory - 读取文件,初始化annotationPostProcessor的时间为：1007
2021-03-21 11:45:03.717 [main] INFO  edu.gdpu.spring.aop.framework.JDKAopProxy - 目标对象不符合拦截规则，不需进行增强:class edu.gdpu.MySSM.test.iocAop.service.impl.TestServiceImpl
2021-03-21 11:45:03.717 [main] INFO  edu.gdpu.spring.aop.framework.JDKAopProxy - 目标对象不符合拦截规则，不需进行增强:class edu.gdpu.MySSM.test.iocAop.service.impl.TestServiceImpl
2021-03-21 11:45:03.717 [main] INFO  edu.gdpu.spring.aop.framework.JDKAopProxy - 目标对象不符合拦截规则，不需进行增强:class edu.gdpu.MySSM.test.iocAop.service.impl.TestServiceImpl
2021-03-21 11:45:03.717 [main] INFO  edu.gdpu.spring.aop.framework.JDKAopProxy - 目标对象不符合拦截规则，不需进行增强:class edu.gdpu.MySSM.test.iocAop.service.impl.TestServiceImpl
2021-03-21 11:45:03.717 [main] INFO  edu.gdpu.spring.aop.framework.JDKAopProxy - 目标对象不符合拦截规则，不需进行增强:class edu.gdpu.MySSM.test.iocAop.service.impl.TestServiceImpl
2021-03-21 11:45:03.717 [main] INFO  edu.gdpu.spring.aop.framework.JDKAopProxy - 目标对象不符合拦截规则，不需进行增强:class edu.gdpu.MySSM.test.iocAop.service.impl.TestServiceImpl
2021-03-21 11:45:03.717 [main] INFO  edu.gdpu.spring.aop.framework.JDKAopProxy - 目标对象不符合拦截规则，不需进行增强:class edu.gdpu.MySSM.test.iocAop.service.impl.TestServiceImpl
2021-03-21 11:45:03.717 [main] INFO  edu.gdpu.spring.aop.framework.JDKAopProxy - 目标对象不符合拦截规则，不需进行增强:class edu.gdpu.MySSM.test.iocAop.service.impl.TestServiceImpl
2021-03-21 11:46:29.685 [main] INFO  e.g.m.p.facory.AnnoationPostProcessorFactory - 读取文件,初始化annotationPostProcessor的时间为：1007
2021-03-21 11:46:29.765 [main] INFO  edu.gdpu.spring.aop.framework.JDKAopProxy - 目标对象不符合拦截规则，不需进行增强:class edu.gdpu.MySSM.test.iocAop.service.impl.TestServiceImpl
2021-03-21 11:46:29.765 [main] INFO  edu.gdpu.spring.aop.framework.JDKAopProxy - 目标对象不符合拦截规则，不需进行增强:class edu.gdpu.MySSM.test.iocAop.service.impl.TestServiceImpl
2021-03-21 11:46:29.765 [main] INFO  edu.gdpu.spring.aop.framework.JDKAopProxy - 目标对象不符合拦截规则，不需进行增强:class edu.gdpu.MySSM.test.iocAop.service.impl.TestServiceImpl
2021-03-21 11:46:29.765 [main] INFO  edu.gdpu.spring.aop.framework.JDKAopProxy - 目标对象不符合拦截规则，不需进行增强:class edu.gdpu.MySSM.test.iocAop.service.impl.TestServiceImpl
2021-03-21 11:46:29.765 [main] INFO  edu.gdpu.spring.aop.framework.JDKAopProxy - 目标对象不符合拦截规则，不需进行增强:class edu.gdpu.MySSM.test.iocAop.service.impl.TestServiceImpl
2021-03-21 11:46:29.765 [main] INFO  edu.gdpu.spring.aop.framework.JDKAopProxy - 目标对象不符合拦截规则，不需进行增强:class edu.gdpu.MySSM.test.iocAop.service.impl.TestServiceImpl
2021-03-21 11:46:29.765 [main] INFO  edu.gdpu.spring.aop.framework.JDKAopProxy - 目标对象不符合拦截规则，不需进行增强:class edu.gdpu.MySSM.test.iocAop.service.impl.TestServiceImpl
2021-03-21 11:46:29.775 [main] INFO  edu.gdpu.spring.aop.framework.JDKAopProxy - 目标对象不符合拦截规则，不需进行增强:class edu.gdpu.MySSM.test.iocAop.service.impl.TestServiceImpl
2021-03-21 11:47:07.199 [main] INFO  e.g.m.p.facory.AnnoationPostProcessorFactory - 读取文件,初始化annotationPostProcessor的时间为：1002
2021-03-21 11:47:07.269 [main] INFO  edu.gdpu.spring.aop.framework.JDKAopProxy - 目标对象不符合拦截规则，不需进行增强:class edu.gdpu.MySSM.test.iocAop.service.impl.TestServiceImpl
2021-03-21 11:47:07.269 [main] INFO  edu.gdpu.spring.aop.framework.JDKAopProxy - 目标对象不符合拦截规则，不需进行增强:class edu.gdpu.MySSM.test.iocAop.service.impl.TestServiceImpl
2021-03-21 11:47:07.269 [main] INFO  edu.gdpu.spring.aop.framework.JDKAopProxy - 目标对象不符合拦截规则，不需进行增强:class edu.gdpu.MySSM.test.iocAop.service.impl.TestServiceImpl
2021-03-21 11:47:07.269 [main] INFO  edu.gdpu.spring.aop.framework.JDKAopProxy - 目标对象不符合拦截规则，不需进行增强:class edu.gdpu.MySSM.test.iocAop.service.impl.TestServiceImpl
2021-03-21 11:47:07.279 [main] INFO  edu.gdpu.spring.aop.framework.JDKAopProxy - 目标对象不符合拦截规则，不需进行增强:class edu.gdpu.MySSM.test.iocAop.service.impl.TestServiceImpl
2021-03-21 11:47:07.279 [main] INFO  edu.gdpu.spring.aop.framework.JDKAopProxy - 目标对象不符合拦截规则，不需进行增强:class edu.gdpu.MySSM.test.iocAop.service.impl.TestServiceImpl
2021-03-21 11:47:07.279 [main] INFO  edu.gdpu.spring.aop.framework.JDKAopProxy - 目标对象不符合拦截规则，不需进行增强:class edu.gdpu.MySSM.test.iocAop.service.impl.TestServiceImpl
2021-03-21 11:47:07.279 [main] INFO  edu.gdpu.spring.aop.framework.JDKAopProxy - 目标对象不符合拦截规则，不需进行增强:class edu.gdpu.MySSM.test.iocAop.service.impl.TestServiceImpl
2021-03-21 11:49:03.381 [main] INFO  e.g.m.p.facory.AnnoationPostProcessorFactory - 读取文件,初始化annotationPostProcessor的时间为：1015
2021-03-21 11:49:03.463 [main] INFO  edu.gdpu.spring.aop.framework.JDKAopProxy - 目标对象不符合拦截规则，不需进行增强:class edu.gdpu.MySSM.test.iocAop.service.impl.TestServiceImpl
2021-03-21 11:49:03.463 [main] INFO  edu.gdpu.spring.aop.framework.JDKAopProxy - 目标对象不符合拦截规则，不需进行增强:class edu.gdpu.MySSM.test.iocAop.service.impl.TestServiceImpl
2021-03-21 11:49:03.463 [main] INFO  edu.gdpu.spring.aop.framework.JDKAopProxy - 目标对象不符合拦截规则，不需进行增强:class edu.gdpu.MySSM.test.iocAop.service.impl.TestServiceImpl
2021-03-21 11:49:03.463 [main] INFO  edu.gdpu.spring.aop.framework.JDKAopProxy - 目标对象不符合拦截规则，不需进行增强:class edu.gdpu.MySSM.test.iocAop.service.impl.TestServiceImpl
2021-03-21 11:49:51.810 [main] INFO  e.g.m.p.facory.AnnoationPostProcessorFactory - 读取文件,初始化annotationPostProcessor的时间为：1005
2021-03-21 11:49:51.880 [main] INFO  edu.gdpu.spring.aop.framework.JDKAopProxy - 目标对象不符合拦截规则，不需进行增强:class edu.gdpu.MySSM.test.iocAop.service.impl.TestServiceImpl
2021-03-21 11:49:51.880 [main] INFO  edu.gdpu.spring.aop.framework.JDKAopProxy - 目标对象不符合拦截规则，不需进行增强:class edu.gdpu.MySSM.test.iocAop.service.impl.TestServiceImpl
2021-03-21 11:49:51.880 [main] INFO  edu.gdpu.spring.aop.framework.JDKAopProxy - 目标对象不符合拦截规则，不需进行增强:class edu.gdpu.MySSM.test.iocAop.service.impl.TestServiceImpl
2021-03-21 11:49:51.880 [main] INFO  edu.gdpu.spring.aop.framework.JDKAopProxy - 目标对象不符合拦截规则，不需进行增强:class edu.gdpu.MySSM.test.iocAop.service.impl.TestServiceImpl
2021-03-21 11:49:51.890 [main] INFO  e.g.m.beans.factory.MyDefaultListableBeanFactory -  ioc容器：
key = MyBean, value = edu.gdpu.MySSM.test.iocAop.MyBean@a67c67e
2021-03-21 11:49:51.890 [main] INFO  e.g.m.beans.factory.MyDefaultListableBeanFactory -  ioc容器：
key = testcontroller, value = edu.gdpu.MySSM.test.iocAop.contrller.TestController@3327bd23
2021-03-21 11:49:51.890 [main] INFO  e.g.m.beans.factory.MyDefaultListableBeanFactory -  ioc容器：
key = myaspect, value = edu.gdpu.MySSM.test.iocAop.aspect.MyAspect@4e1d422d
2021-03-21 11:49:51.890 [main] INFO  edu.gdpu.spring.aop.framework.JDKAopProxy - 目标对象不符合拦截规则，不需进行增强:class edu.gdpu.MySSM.test.iocAop.service.impl.TestServiceImpl
2021-03-21 11:49:51.890 [main] INFO  edu.gdpu.spring.aop.framework.JDKAopProxy - 目标对象不符合拦截规则，不需进行增强:class edu.gdpu.MySSM.test.iocAop.service.impl.TestServiceImpl
2021-03-21 11:49:51.890 [main] INFO  edu.gdpu.spring.aop.framework.JDKAopProxy - 目标对象不符合拦截规则，不需进行增强:class edu.gdpu.MySSM.test.iocAop.service.impl.TestServiceImpl
2021-03-21 11:49:51.890 [main] INFO  edu.gdpu.spring.aop.framework.JDKAopProxy - 目标对象不符合拦截规则，不需进行增强:class edu.gdpu.MySSM.test.iocAop.service.impl.TestServiceImpl
2021-03-21 11:49:51.890 [main] INFO  e.g.m.beans.factory.MyDefaultListableBeanFactory -  ioc容器：
key = testservice, value = edu.gdpu.MySSM.test.iocAop.service.impl.TestServiceImpl@3c0f93f1
2021-03-21 11:49:51.890 [main] INFO  e.g.m.beans.factory.MyDefaultListableBeanFactory -  ioc容器：
key = testconfiguration, value = edu.gdpu.MySSM.test.iocAop.config.TestConfiguration@66480dd7
2021-03-21 11:49:51.890 [main] INFO  edu.gdpu.spring.aop.framework.JDKAopProxy - 目标对象不符合拦截规则，不需进行增强:class edu.gdpu.MySSM.test.iocAop.service.impl.TestServiceImpl
2021-03-21 11:49:51.890 [main] INFO  edu.gdpu.spring.aop.framework.JDKAopProxy - 目标对象不符合拦截规则，不需进行增强:class edu.gdpu.MySSM.test.iocAop.service.impl.TestServiceImpl
2021-03-21 11:49:51.890 [main] INFO  edu.gdpu.spring.aop.framework.JDKAopProxy - 目标对象不符合拦截规则，不需进行增强:class edu.gdpu.MySSM.test.iocAop.service.impl.TestServiceImpl
2021-03-21 11:49:51.890 [main] INFO  edu.gdpu.spring.aop.framework.JDKAopProxy - 目标对象不符合拦截规则，不需进行增强:class edu.gdpu.MySSM.test.iocAop.service.impl.TestServiceImpl
2021-03-21 11:58:38.919 [main] INFO  e.g.m.p.facory.AnnoationPostProcessorFactory - 读取文件,初始化annotationPostProcessor的时间为：1011
2021-03-21 11:58:39.009 [main] INFO  edu.gdpu.spring.aop.framework.JDKAopProxy - 目标对象不符合拦截规则，不需进行增强:class edu.gdpu.MySSM.test.iocAop.service.impl.TestServiceImpl
2021-03-21 11:58:39.009 [main] INFO  edu.gdpu.spring.aop.framework.JDKAopProxy - 目标对象不符合拦截规则，不需进行增强:class edu.gdpu.MySSM.test.iocAop.service.impl.TestServiceImpl
2021-03-21 11:58:39.009 [main] INFO  edu.gdpu.spring.aop.framework.JDKAopProxy - 目标对象不符合拦截规则，不需进行增强:class edu.gdpu.MySSM.test.iocAop.service.impl.TestServiceImpl
2021-03-21 11:58:39.009 [main] INFO  edu.gdpu.spring.aop.framework.JDKAopProxy - 目标对象不符合拦截规则，不需进行增强:class edu.gdpu.MySSM.test.iocAop.service.impl.TestServiceImpl
2021-03-21 11:58:39.009 [main] INFO  e.g.m.beans.factory.MyDefaultListableBeanFactory -  ioc容器：
key = MyBean, value = edu.gdpu.MySSM.test.iocAop.MyBean@a67c67e
2021-03-21 11:58:39.009 [main] INFO  e.g.m.beans.factory.MyDefaultListableBeanFactory -  ioc容器：
key = testcontroller, value = edu.gdpu.MySSM.test.iocAop.contrller.TestController@3327bd23
2021-03-21 11:58:39.019 [main] INFO  e.g.m.beans.factory.MyDefaultListableBeanFactory -  ioc容器：
key = myaspect, value = edu.gdpu.MySSM.test.iocAop.aspect.MyAspect@4e1d422d
2021-03-21 11:58:39.019 [main] INFO  edu.gdpu.spring.aop.framework.JDKAopProxy - 目标对象不符合拦截规则，不需进行增强:class edu.gdpu.MySSM.test.iocAop.service.impl.TestServiceImpl
2021-03-21 11:58:39.019 [main] INFO  edu.gdpu.spring.aop.framework.JDKAopProxy - 目标对象不符合拦截规则，不需进行增强:class edu.gdpu.MySSM.test.iocAop.service.impl.TestServiceImpl
2021-03-21 11:58:39.019 [main] INFO  edu.gdpu.spring.aop.framework.JDKAopProxy - 目标对象不符合拦截规则，不需进行增强:class edu.gdpu.MySSM.test.iocAop.service.impl.TestServiceImpl
2021-03-21 11:58:39.019 [main] INFO  edu.gdpu.spring.aop.framework.JDKAopProxy - 目标对象不符合拦截规则，不需进行增强:class edu.gdpu.MySSM.test.iocAop.service.impl.TestServiceImpl
2021-03-21 11:58:39.019 [main] INFO  e.g.m.beans.factory.MyDefaultListableBeanFactory -  ioc容器：
key = testservice, value = edu.gdpu.MySSM.test.iocAop.service.impl.TestServiceImpl@3c0f93f1
2021-03-21 11:58:39.019 [main] INFO  e.g.m.beans.factory.MyDefaultListableBeanFactory -  ioc容器：
key = testconfiguration, value = edu.gdpu.MySSM.test.iocAop.config.TestConfiguration@66480dd7
2021-03-21 11:58:39.019 [main] INFO  edu.gdpu.spring.aop.framework.JDKAopProxy - 目标对象不符合拦截规则，不需进行增强:class edu.gdpu.MySSM.test.iocAop.service.impl.TestServiceImpl
2021-03-21 11:58:39.019 [main] INFO  edu.gdpu.spring.aop.framework.JDKAopProxy - 目标对象不符合拦截规则，不需进行增强:class edu.gdpu.MySSM.test.iocAop.service.impl.TestServiceImpl
2021-03-21 11:58:39.019 [main] INFO  edu.gdpu.spring.aop.framework.JDKAopProxy - 目标对象不符合拦截规则，不需进行增强:class edu.gdpu.MySSM.test.iocAop.service.impl.TestServiceImpl
2021-03-21 11:58:39.019 [main] INFO  edu.gdpu.spring.aop.framework.JDKAopProxy - 目标对象不符合拦截规则，不需进行增强:class edu.gdpu.MySSM.test.iocAop.service.impl.TestServiceImpl
2021-03-21 11:58:54.821 [main] INFO  e.g.m.p.facory.AnnoationPostProcessorFactory - 读取文件,初始化annotationPostProcessor的时间为：1017
2021-03-21 11:58:54.901 [main] INFO  edu.gdpu.spring.aop.framework.JDKAopProxy - 目标对象不符合拦截规则，不需进行增强:class edu.gdpu.MySSM.test.iocAop.service.impl.TestServiceImpl
2021-03-21 11:58:54.901 [main] INFO  edu.gdpu.spring.aop.framework.JDKAopProxy - 目标对象不符合拦截规则，不需进行增强:class edu.gdpu.MySSM.test.iocAop.service.impl.TestServiceImpl
2021-03-21 11:58:54.901 [main] INFO  edu.gdpu.spring.aop.framework.JDKAopProxy - 目标对象不符合拦截规则，不需进行增强:class edu.gdpu.MySSM.test.iocAop.service.impl.TestServiceImpl
2021-03-21 11:58:54.901 [main] INFO  edu.gdpu.spring.aop.framework.JDKAopProxy - 目标对象不符合拦截规则，不需进行增强:class edu.gdpu.MySSM.test.iocAop.service.impl.TestServiceImpl
2021-03-21 11:58:54.911 [main] INFO  edu.gdpu.spring.aop.framework.JDKAopProxy - 目标对象不符合拦截规则，不需进行增强:class edu.gdpu.MySSM.test.iocAop.service.impl.TestServiceImpl
2021-03-21 11:58:54.911 [main] INFO  edu.gdpu.spring.aop.framework.JDKAopProxy - 目标对象不符合拦截规则，不需进行增强:class edu.gdpu.MySSM.test.iocAop.service.impl.TestServiceImpl
2021-03-21 11:58:54.911 [main] INFO  edu.gdpu.spring.aop.framework.JDKAopProxy - 目标对象不符合拦截规则，不需进行增强:class edu.gdpu.MySSM.test.iocAop.service.impl.TestServiceImpl
2021-03-21 11:58:54.911 [main] INFO  edu.gdpu.spring.aop.framework.JDKAopProxy - 目标对象不符合拦截规则，不需进行增强:class edu.gdpu.MySSM.test.iocAop.service.impl.TestServiceImpl
2021-03-21 12:05:17.926 [main] INFO  e.g.m.p.facory.AnnoationPostProcessorFactory - 读取文件,初始化annotationPostProcessor的时间为：1009
2021-03-21 12:05:18.004 [main] INFO  edu.gdpu.spring.aop.framework.JDKAopProxy - 目标对象不符合拦截规则，不需进行增强:class edu.gdpu.MySSM.test.iocAop.service.impl.TestServiceImpl
2021-03-21 12:05:18.005 [main] INFO  edu.gdpu.spring.aop.framework.JDKAopProxy - 目标对象不符合拦截规则，不需进行增强:class edu.gdpu.MySSM.test.iocAop.service.impl.TestServiceImpl
2021-03-21 12:05:18.005 [main] INFO  edu.gdpu.spring.aop.framework.JDKAopProxy - 目标对象不符合拦截规则，不需进行增强:class edu.gdpu.MySSM.test.iocAop.service.impl.TestServiceImpl
2021-03-21 12:05:18.005 [main] INFO  edu.gdpu.spring.aop.framework.JDKAopProxy - 目标对象不符合拦截规则，不需进行增强:class edu.gdpu.MySSM.test.iocAop.service.impl.TestServiceImpl
2021-03-21 12:05:18.008 [main] INFO  edu.gdpu.spring.aop.framework.JDKAopProxy - 目标对象不符合拦截规则，不需进行增强:class edu.gdpu.MySSM.test.iocAop.service.impl.TestServiceImpl
2021-03-21 12:05:18.009 [main] INFO  edu.gdpu.spring.aop.framework.JDKAopProxy - 目标对象不符合拦截规则，不需进行增强:class edu.gdpu.MySSM.test.iocAop.service.impl.TestServiceImpl
2021-03-21 12:05:18.009 [main] INFO  edu.gdpu.spring.aop.framework.JDKAopProxy - 目标对象不符合拦截规则，不需进行增强:class edu.gdpu.MySSM.test.iocAop.service.impl.TestServiceImpl
2021-03-21 12:05:18.009 [main] INFO  edu.gdpu.spring.aop.framework.JDKAopProxy - 目标对象不符合拦截规则，不需进行增强:class edu.gdpu.MySSM.test.iocAop.service.impl.TestServiceImpl
2021-03-21 12:05:43.754 [main] INFO  e.g.m.p.facory.AnnoationPostProcessorFactory - 读取文件,初始化annotationPostProcessor的时间为：1009
2021-03-21 12:05:43.829 [main] INFO  edu.gdpu.spring.aop.framework.JDKAopProxy - 目标对象不符合拦截规则，不需进行增强:class edu.gdpu.MySSM.test.iocAop.service.impl.TestServiceImpl
2021-03-21 12:05:43.829 [main] INFO  edu.gdpu.spring.aop.framework.JDKAopProxy - 目标对象不符合拦截规则，不需进行增强:class edu.gdpu.MySSM.test.iocAop.service.impl.TestServiceImpl
2021-03-21 12:05:43.829 [main] INFO  edu.gdpu.spring.aop.framework.JDKAopProxy - 目标对象不符合拦截规则，不需进行增强:class edu.gdpu.MySSM.test.iocAop.service.impl.TestServiceImpl
2021-03-21 12:05:43.829 [main] INFO  edu.gdpu.spring.aop.framework.JDKAopProxy - 目标对象不符合拦截规则，不需进行增强:class edu.gdpu.MySSM.test.iocAop.service.impl.TestServiceImpl
2021-03-21 12:05:43.833 [main] INFO  edu.gdpu.spring.aop.framework.JDKAopProxy - 目标对象不符合拦截规则，不需进行增强:class edu.gdpu.MySSM.test.iocAop.service.impl.TestServiceImpl
2021-03-21 12:05:43.833 [main] INFO  edu.gdpu.spring.aop.framework.JDKAopProxy - 目标对象不符合拦截规则，不需进行增强:class edu.gdpu.MySSM.test.iocAop.service.impl.TestServiceImpl
2021-03-21 12:05:43.833 [main] INFO  edu.gdpu.spring.aop.framework.JDKAopProxy - 目标对象不符合拦截规则，不需进行增强:class edu.gdpu.MySSM.test.iocAop.service.impl.TestServiceImpl
2021-03-21 12:05:43.834 [main] INFO  edu.gdpu.spring.aop.framework.JDKAopProxy - 目标对象不符合拦截规则，不需进行增强:class edu.gdpu.MySSM.test.iocAop.service.impl.TestServiceImpl
2021-03-21 12:09:33.957 [main] INFO  e.g.m.p.facory.AnnoationPostProcessorFactory - 读取文件,初始化annotationPostProcessor的时间为：1016
2021-03-21 12:09:34.048 [main] INFO  edu.gdpu.spring.aop.framework.JDKAopProxy - 目标对象不符合拦截规则，不需进行增强:class edu.gdpu.MySSM.test.iocAop.service.impl.TestServiceImpl
2021-03-21 12:09:34.048 [main] INFO  edu.gdpu.spring.aop.framework.JDKAopProxy - 目标对象不符合拦截规则，不需进行增强:class edu.gdpu.MySSM.test.iocAop.service.impl.TestServiceImpl
2021-03-21 12:09:34.048 [main] INFO  edu.gdpu.spring.aop.framework.JDKAopProxy - 目标对象不符合拦截规则，不需进行增强:class edu.gdpu.MySSM.test.iocAop.service.impl.TestServiceImpl
2021-03-21 12:09:34.048 [main] INFO  edu.gdpu.spring.aop.framework.JDKAopProxy - 目标对象不符合拦截规则，不需进行增强:class edu.gdpu.MySSM.test.iocAop.service.impl.TestServiceImpl
2021-03-21 12:09:34.058 [main] INFO  edu.gdpu.spring.aop.framework.JDKAopProxy - 目标对象不符合拦截规则，不需进行增强:class edu.gdpu.MySSM.test.iocAop.service.impl.TestServiceImpl
2021-03-21 12:09:34.058 [main] INFO  edu.gdpu.spring.aop.framework.JDKAopProxy - 目标对象不符合拦截规则，不需进行增强:class edu.gdpu.MySSM.test.iocAop.service.impl.TestServiceImpl
2021-03-21 12:09:34.058 [main] INFO  edu.gdpu.spring.aop.framework.JDKAopProxy - 目标对象不符合拦截规则，不需进行增强:class edu.gdpu.MySSM.test.iocAop.service.impl.TestServiceImpl
2021-03-21 12:09:34.058 [main] INFO  edu.gdpu.spring.aop.framework.JDKAopProxy - 目标对象不符合拦截规则，不需进行增强:class edu.gdpu.MySSM.test.iocAop.service.impl.TestServiceImpl
2021-03-21 12:10:55.911 [main] INFO  e.g.m.p.facory.AnnoationPostProcessorFactory - 读取文件,初始化annotationPostProcessor的时间为：1013
2021-03-21 12:10:55.999 [main] INFO  edu.gdpu.spring.aop.framework.JDKAopProxy - 目标对象不符合拦截规则，不需进行增强:class edu.gdpu.MySSM.test.iocAop.service.impl.TestServiceImpl
2021-03-21 12:10:55.999 [main] INFO  edu.gdpu.spring.aop.framework.JDKAopProxy - 目标对象不符合拦截规则，不需进行增强:class edu.gdpu.MySSM.test.iocAop.service.impl.TestServiceImpl
2021-03-21 12:10:55.999 [main] INFO  edu.gdpu.spring.aop.framework.JDKAopProxy - 目标对象不符合拦截规则，不需进行增强:class edu.gdpu.MySSM.test.iocAop.service.impl.TestServiceImpl
2021-03-21 12:10:55.999 [main] INFO  edu.gdpu.spring.aop.framework.JDKAopProxy - 目标对象不符合拦截规则，不需进行增强:class edu.gdpu.MySSM.test.iocAop.service.impl.TestServiceImpl
2021-03-21 12:10:56.003 [main] INFO  edu.gdpu.spring.aop.framework.JDKAopProxy - 目标对象不符合拦截规则，不需进行增强:class edu.gdpu.MySSM.test.iocAop.service.impl.TestServiceImpl
2021-03-21 12:10:56.003 [main] INFO  edu.gdpu.spring.aop.framework.JDKAopProxy - 目标对象不符合拦截规则，不需进行增强:class edu.gdpu.MySSM.test.iocAop.service.impl.TestServiceImpl
2021-03-21 12:10:56.003 [main] INFO  edu.gdpu.spring.aop.framework.JDKAopProxy - 目标对象不符合拦截规则，不需进行增强:class edu.gdpu.MySSM.test.iocAop.service.impl.TestServiceImpl
2021-03-21 12:10:56.004 [main] INFO  edu.gdpu.spring.aop.framework.JDKAopProxy - 目标对象不符合拦截规则，不需进行增强:class edu.gdpu.MySSM.test.iocAop.service.impl.TestServiceImpl
2021-03-21 12:12:46.930 [main] INFO  e.g.m.p.facory.AnnoationPostProcessorFactory - 读取文件,初始化annotationPostProcessor的时间为：1002
2021-03-21 12:13:18.177 [main] INFO  e.g.m.p.facory.AnnoationPostProcessorFactory - 读取文件,初始化annotationPostProcessor的时间为：1008
2021-03-21 12:13:18.257 [main] INFO  e.g.m.beans.factory.MyDefaultListableBeanFactory -  ioc容器：
key = MyBean, value = edu.gdpu.MySSM.test.iocAop.MyBean@71318ec4
2021-03-21 12:13:18.257 [main] INFO  e.g.m.beans.factory.MyDefaultListableBeanFactory -  ioc容器：
key = testcontroller, value = edu.gdpu.MySSM.test.iocAop.contrller.TestController@21213b92
2021-03-21 12:13:18.257 [main] INFO  e.g.m.beans.factory.MyDefaultListableBeanFactory -  ioc容器：
key = myaspect, value = edu.gdpu.MySSM.test.iocAop.aspect.MyAspect@a67c67e
2021-03-21 12:13:18.257 [main] INFO  e.g.m.beans.factory.MyDefaultListableBeanFactory -  ioc容器：
key = testservice, value = edu.gdpu.MySSM.test.iocAop.service.impl.TestServiceImpl@3327bd23
2021-03-21 12:13:18.257 [main] INFO  e.g.m.beans.factory.MyDefaultListableBeanFactory -  ioc容器：
key = testconfiguration, value = edu.gdpu.MySSM.test.iocAop.config.TestConfiguration@4e1d422d
2021-03-21 12:14:00.660 [main] INFO  e.g.m.p.facory.AnnoationPostProcessorFactory - 读取文件,初始化annotationPostProcessor的时间为：1018
2021-03-21 12:14:00.740 [main] INFO  e.g.m.beans.factory.MyDefaultListableBeanFactory -  ioc容器：
key = MyBean, value = edu.gdpu.MySSM.test.iocAop.MyBean@71318ec4
2021-03-21 12:14:00.740 [main] INFO  e.g.m.beans.factory.MyDefaultListableBeanFactory -  ioc容器：
key = testcontroller, value = edu.gdpu.MySSM.test.iocAop.contrller.TestController@21213b92
2021-03-21 12:14:00.740 [main] INFO  e.g.m.beans.factory.MyDefaultListableBeanFactory -  ioc容器：
key = myaspect, value = edu.gdpu.MySSM.test.iocAop.aspect.MyAspect@a67c67e
2021-03-21 12:14:00.740 [main] INFO  e.g.m.beans.factory.MyDefaultListableBeanFactory -  ioc容器：
key = testservice, value = edu.gdpu.MySSM.test.iocAop.service.impl.TestServiceImpl@3327bd23
2021-03-21 12:14:00.740 [main] INFO  e.g.m.beans.factory.MyDefaultListableBeanFactory -  ioc容器：
key = testconfiguration, value = edu.gdpu.MySSM.test.iocAop.config.TestConfiguration@4e1d422d
2021-03-21 12:14:17.999 [main] INFO  e.g.m.p.facory.AnnoationPostProcessorFactory - 读取文件,初始化annotationPostProcessor的时间为：1008
2021-03-21 12:14:18.099 [main] INFO  e.g.m.beans.factory.MyDefaultListableBeanFactory -  ioc容器：
key = MyBean, value = edu.gdpu.MySSM.test.iocAop.MyBean@71318ec4
2021-03-21 12:14:18.099 [main] INFO  e.g.m.beans.factory.MyDefaultListableBeanFactory -  ioc容器：
key = testcontroller, value = edu.gdpu.MySSM.test.iocAop.contrller.TestController@21213b92
2021-03-21 12:14:18.099 [main] INFO  e.g.m.beans.factory.MyDefaultListableBeanFactory -  ioc容器：
key = myaspect, value = edu.gdpu.MySSM.test.iocAop.aspect.MyAspect@a67c67e
2021-03-21 12:14:18.099 [main] INFO  e.g.m.beans.factory.MyDefaultListableBeanFactory -  ioc容器：
key = testservice, value = edu.gdpu.MySSM.test.iocAop.service.impl.TestServiceImpl@3327bd23
2021-03-21 12:14:18.099 [main] INFO  e.g.m.beans.factory.MyDefaultListableBeanFactory -  ioc容器：
key = testconfiguration, value = edu.gdpu.MySSM.test.iocAop.config.TestConfiguration@4e1d422d
2021-03-21 12:14:33.807 [main] INFO  e.g.m.p.facory.AnnoationPostProcessorFactory - 读取文件,初始化annotationPostProcessor的时间为：1012
2021-03-21 12:17:37.677 [main] INFO  e.g.m.p.facory.AnnoationPostProcessorFactory - 读取文件,初始化annotationPostProcessor的时间为：1001
2021-03-21 12:18:11.396 [main] INFO  e.g.m.p.facory.AnnoationPostProcessorFactory - 读取文件,初始化annotationPostProcessor的时间为：1006
2021-03-21 12:18:27.770 [main] INFO  e.g.m.p.facory.AnnoationPostProcessorFactory - 读取文件,初始化annotationPostProcessor的时间为：1002
2021-03-21 12:19:51.991 [main] INFO  e.g.m.p.facory.AnnoationPostProcessorFactory - 读取文件,初始化annotationPostProcessor的时间为：1009
2021-03-21 12:20:00.460 [main] INFO  e.g.m.p.facory.AnnoationPostProcessorFactory - 读取文件,初始化annotationPostProcessor的时间为：1013
2021-03-21 16:07:37.051 [main] INFO  e.g.m.p.facory.AnnoationPostProcessorFactory - 读取文件,初始化annotationPostProcessor的时间为：1011
2021-03-21 16:07:47.895 [main] INFO  e.g.m.p.facory.AnnoationPostProcessorFactory - 读取文件,初始化annotationPostProcessor的时间为：1012
2021-03-21 16:08:09.453 [main] INFO  e.g.m.p.facory.AnnoationPostProcessorFactory - 读取文件,初始化annotationPostProcessor的时间为：1018
2021-03-21 16:09:47.890 [main] INFO  e.g.m.p.facory.AnnoationPostProcessorFactory - 读取文件,初始化annotationPostProcessor的时间为：1012
2021-03-21 16:10:11.378 [main] INFO  e.g.m.p.facory.AnnoationPostProcessorFactory - 读取文件,初始化annotationPostProcessor的时间为：1005
2021-03-21 16:28:19.388 [main] INFO  e.g.m.p.facory.AnnoationPostProcessorFactory - 读取文件,初始化annotationPostProcessor的时间为：1016
2021-03-21 16:29:14.742 [main] INFO  e.g.m.p.facory.AnnoationPostProcessorFactory - 读取文件,初始化annotationPostProcessor的时间为：1011
2021-03-21 16:30:36.258 [main] INFO  e.g.m.p.facory.AnnoationPostProcessorFactory - 读取文件,初始化annotationPostProcessor的时间为：1013
2021-03-21 16:30:50.592 [main] INFO  e.g.m.p.facory.AnnoationPostProcessorFactory - 读取文件,初始化annotationPostProcessor的时间为：1017
2021-03-21 16:31:50.721 [main] INFO  e.g.m.p.facory.AnnoationPostProcessorFactory - 读取文件,初始化annotationPostProcessor的时间为：1018
2021-03-21 16:34:37.623 [main] INFO  e.g.m.p.facory.AnnoationPostProcessorFactory - 读取文件,初始化annotationPostProcessor的时间为：1019
2021-03-21 16:35:33.571 [main] INFO  e.g.m.p.facory.AnnoationPostProcessorFactory - 读取文件,初始化annotationPostProcessor的时间为：1013
2021-03-21 16:37:30.928 [main] INFO  e.g.m.p.facory.AnnoationPostProcessorFactory - 读取文件,初始化annotationPostProcessor的时间为：1012
2021-03-21 16:37:43.990 [main] INFO  e.g.m.p.facory.AnnoationPostProcessorFactory - 读取文件,初始化annotationPostProcessor的时间为：1005
2021-03-21 16:37:44.060 [main] INFO  edu.gdpu.spring.aop.framework.JDKAopProxy - 目标对象不符合拦截规则，不需进行增强:class edu.gdpu.MySSM.test.iocAop.config.TestConfiguration
2021-03-21 16:37:44.060 [main] INFO  edu.gdpu.spring.aop.framework.JDKAopProxy - 目标对象不符合拦截规则，不需进行增强:class edu.gdpu.MySSM.test.iocAop.config.TestConfiguration
2021-03-21 16:37:44.060 [main] INFO  edu.gdpu.spring.aop.framework.JDKAopProxy - 目标对象不符合拦截规则，不需进行增强:class edu.gdpu.MySSM.test.iocAop.config.TestConfiguration
2021-03-21 16:37:44.060 [main] INFO  edu.gdpu.spring.aop.framework.JDKAopProxy - 目标对象不符合拦截规则，不需进行增强:class edu.gdpu.MySSM.test.iocAop.config.TestConfiguration
2021-03-21 16:38:56.787 [main] INFO  e.g.m.p.facory.AnnoationPostProcessorFactory - 读取文件,初始化annotationPostProcessor的时间为：1018
2021-03-21 16:38:56.857 [main] INFO  edu.gdpu.spring.aop.framework.JDKAopProxy - 目标对象不符合拦截规则，不需进行增强:class edu.gdpu.MySSM.test.iocAop.config.TestConfiguration
2021-03-21 16:38:56.857 [main] INFO  edu.gdpu.spring.aop.framework.JDKAopProxy - 目标对象不符合拦截规则，不需进行增强:class edu.gdpu.MySSM.test.iocAop.config.TestConfiguration
2021-03-21 16:38:56.857 [main] INFO  edu.gdpu.spring.aop.framework.JDKAopProxy - 目标对象不符合拦截规则，不需进行增强:class edu.gdpu.MySSM.test.iocAop.config.TestConfiguration
2021-03-21 16:38:56.857 [main] INFO  edu.gdpu.spring.aop.framework.JDKAopProxy - 目标对象不符合拦截规则，不需进行增强:class edu.gdpu.MySSM.test.iocAop.config.TestConfiguration
2021-03-21 16:40:20.395 [main] INFO  e.g.m.p.facory.AnnoationPostProcessorFactory - 读取文件,初始化annotationPostProcessor的时间为：1006
2021-03-21 16:40:20.505 [main] INFO  edu.gdpu.spring.aop.framework.JDKAopProxy - 目标对象不符合拦截规则，不需进行增强:class edu.gdpu.MySSM.test.iocAop.config.TestConfiguration
2021-03-21 16:40:20.505 [main] INFO  edu.gdpu.spring.aop.framework.JDKAopProxy - 目标对象不符合拦截规则，不需进行增强:class edu.gdpu.MySSM.test.iocAop.config.TestConfiguration
2021-03-21 16:40:20.505 [main] INFO  edu.gdpu.spring.aop.framework.JDKAopProxy - 目标对象不符合拦截规则，不需进行增强:class edu.gdpu.MySSM.test.iocAop.config.TestConfiguration
2021-03-21 16:40:20.505 [main] INFO  edu.gdpu.spring.aop.framework.JDKAopProxy - 目标对象不符合拦截规则，不需进行增强:class edu.gdpu.MySSM.test.iocAop.config.TestConfiguration
2021-03-21 16:43:41.478 [main] INFO  e.g.m.p.facory.AnnoationPostProcessorFactory - 读取文件,初始化annotationPostProcessor的时间为：1010
2021-03-21 16:44:18.845 [main] INFO  e.g.m.p.facory.AnnoationPostProcessorFactory - 读取文件,初始化annotationPostProcessor的时间为：1000
2021-03-21 16:44:52.986 [main] INFO  e.g.m.p.facory.AnnoationPostProcessorFactory - 读取文件,初始化annotationPostProcessor的时间为：1005
2021-03-21 16:45:48.317 [main] INFO  e.g.m.p.facory.AnnoationPostProcessorFactory - 读取文件,初始化annotationPostProcessor的时间为：1016
2021-03-21 16:46:13.960 [main] INFO  e.g.m.p.facory.AnnoationPostProcessorFactory - 读取文件,初始化annotationPostProcessor的时间为：1019
2021-03-21 16:48:01.155 [main] INFO  e.g.m.p.facory.AnnoationPostProcessorFactory - 读取文件,初始化annotationPostProcessor的时间为：10
2021-03-21 16:48:18.413 [main] INFO  e.g.m.p.facory.AnnoationPostProcessorFactory - 读取文件,初始化annotationPostProcessor的时间为：10
2021-03-21 16:48:51.711 [main] INFO  e.g.m.p.facory.AnnoationPostProcessorFactory - 读取文件,初始化annotationPostProcessor的时间为：10
2021-03-21 16:51:28.362 [main] INFO  e.g.m.p.facory.AnnoationPostProcessorFactory - 读取文件,初始化annotationPostProcessor的时间为：10
2021-03-21 16:51:52.699 [main] INFO  e.g.m.p.facory.AnnoationPostProcessorFactory - 读取文件,初始化annotationPostProcessor的时间为：10
2021-03-21 16:52:22.557 [main] INFO  e.g.m.p.facory.AnnoationPostProcessorFactory - 读取文件,初始化annotationPostProcessor的时间为：0
2021-03-21 16:52:45.133 [main] INFO  e.g.m.p.facory.AnnoationPostProcessorFactory - 读取文件,初始化annotationPostProcessor的时间为：10
2021-03-21 16:53:07.187 [main] INFO  e.g.m.p.facory.AnnoationPostProcessorFactory - 读取文件,初始化annotationPostProcessor的时间为：0
2021-03-21 16:53:42.780 [main] INFO  e.g.m.p.facory.AnnoationPostProcessorFactory - 读取文件,初始化annotationPostProcessor的时间为：0
2021-03-21 16:58:02.434 [main] INFO  e.g.m.p.facory.AnnoationPostProcessorFactory - 读取文件,初始化annotationPostProcessor的时间为：5
2021-03-21 16:58:16.936 [main] INFO  e.g.m.p.facory.AnnoationPostProcessorFactory - 读取文件,初始化annotationPostProcessor的时间为：6
2021-03-21 16:58:44.166 [main] INFO  e.g.m.p.facory.AnnoationPostProcessorFactory - 读取文件,初始化annotationPostProcessor的时间为：7
2021-03-21 16:59:47.198 [main] INFO  edu.gdpu.spring.aop.framework.JDKAopProxy - 目标对象不符合拦截规则，不需进行增强:class edu.gdpu.MySSM.test.aopTest.MyServiceImpl
2021-03-21 16:59:47.203 [main] INFO  edu.gdpu.spring.aop.framework.JDKAopProxy - 目标对象不符合拦截规则，不需进行增强:class edu.gdpu.MySSM.test.aopTest.MyServiceImpl
2021-03-21 16:59:47.203 [main] INFO  edu.gdpu.spring.aop.framework.JDKAopProxy - 目标对象不符合拦截规则，不需进行增强:class edu.gdpu.MySSM.test.aopTest.MyServiceImpl
2021-03-21 16:59:47.203 [main] INFO  edu.gdpu.spring.aop.framework.JDKAopProxy - 目标对象不符合拦截规则，不需进行增强:class edu.gdpu.MySSM.test.aopTest.MyServiceImpl
2021-03-21 17:02:22.590 [main] INFO  e.g.m.p.facory.AnnoationPostProcessorFactory - 读取文件,初始化annotationPostProcessor的时间为：5
2021-03-21 17:02:56.071 [main] INFO  e.g.m.p.facory.AnnoationPostProcessorFactory - 读取文件,初始化annotationPostProcessor的时间为：6
2021-03-21 17:06:12.743 [main] INFO  e.g.m.p.facory.AnnoationPostProcessorFactory - 读取文件,初始化annotationPostProcessor的时间为：5
2021-03-21 17:06:33.634 [main] INFO  e.g.m.p.facory.AnnoationPostProcessorFactory - 读取文件,初始化annotationPostProcessor的时间为：6
2021-03-21 17:07:14.992 [main] INFO  e.g.m.p.facory.AnnoationPostProcessorFactory - 读取文件,初始化annotationPostProcessor的时间为：5
2021-03-21 17:08:26.718 [main] INFO  e.g.m.p.facory.AnnoationPostProcessorFactory - 读取文件,初始化annotationPostProcessor的时间为：6
2021-03-21 17:08:37.508 [main] INFO  e.g.m.p.facory.AnnoationPostProcessorFactory - 读取文件,初始化annotationPostProcessor的时间为：5
2021-03-21 17:08:45.789 [main] INFO  e.g.m.p.facory.AnnoationPostProcessorFactory - 读取文件,初始化annotationPostProcessor的时间为：5
2021-03-21 17:10:07.302 [main] INFO  e.g.m.p.facory.AnnoationPostProcessorFactory - 读取文件,初始化annotationPostProcessor的时间为：6
2021-03-21 17:10:57.287 [main] INFO  e.g.m.p.facory.AnnoationPostProcessorFactory - 读取文件,初始化annotationPostProcessor的时间为：9
2021-03-21 17:11:25.445 [main] INFO  e.g.m.p.facory.AnnoationPostProcessorFactory - 读取文件,初始化annotationPostProcessor的时间为：6
2021-03-21 17:12:10.462 [main] INFO  e.g.m.p.facory.AnnoationPostProcessorFactory - 读取文件,初始化annotationPostProcessor的时间为：5
2021-03-21 17:12:41.827 [main] INFO  e.g.m.p.facory.AnnoationPostProcessorFactory - 读取文件,初始化annotationPostProcessor的时间为：9
2021-03-21 17:13:02.145 [main] INFO  e.g.m.p.facory.AnnoationPostProcessorFactory - 读取文件,初始化annotationPostProcessor的时间为：6
2021-03-21 17:31:01.552 [main] INFO  e.g.m.p.facory.AnnoationPostProcessorFactory - 读取文件,初始化annotationPostProcessor的时间为：6
2021-03-21 17:32:04.594 [main] INFO  e.g.m.p.facory.AnnoationPostProcessorFactory - 读取文件,初始化annotationPostProcessor的时间为：6
2021-03-21 17:32:46.254 [main] INFO  e.g.m.p.facory.AnnoationPostProcessorFactory - 读取文件,初始化annotationPostProcessor的时间为：7
2021-03-21 17:33:31.928 [main] INFO  e.g.m.p.facory.AnnoationPostProcessorFactory - 读取文件,初始化annotationPostProcessor的时间为：7
2021-03-21 17:34:51.368 [main] INFO  e.g.m.p.facory.AnnoationPostProcessorFactory - 读取文件,初始化annotationPostProcessor的时间为：9
2021-03-21 17:35:14.824 [main] INFO  e.g.m.p.facory.AnnoationPostProcessorFactory - 读取文件,初始化annotationPostProcessor的时间为：6
2021-03-21 17:35:42.234 [main] INFO  e.g.m.p.facory.AnnoationPostProcessorFactory - 读取文件,初始化annotationPostProcessor的时间为：6
2021-03-21 17:37:11.191 [main] INFO  e.g.m.p.facory.AnnoationPostProcessorFactory - 读取文件,初始化annotationPostProcessor的时间为：7
2021-03-21 18:04:26.082 [main] INFO  e.g.m.p.facory.AnnoationPostProcessorFactory - 读取文件,初始化annotationPostProcessor的时间为：6
2021-03-21 18:05:53.143 [main] INFO  e.g.m.p.facory.AnnoationPostProcessorFactory - 读取文件,初始化annotationPostProcessor的时间为：6
2021-03-21 18:06:21.481 [main] INFO  e.g.m.p.facory.AnnoationPostProcessorFactory - 读取文件,初始化annotationPostProcessor的时间为：6
2021-03-21 18:08:10.117 [main] INFO  e.g.m.p.facory.AnnoationPostProcessorFactory - 读取文件,初始化annotationPostProcessor的时间为：6
2021-03-21 18:08:47.096 [main] INFO  e.g.m.p.facory.AnnoationPostProcessorFactory - 读取文件,初始化annotationPostProcessor的时间为：6
2021-03-21 18:11:28.160 [main] INFO  e.g.m.p.facory.AnnoationPostProcessorFactory - 读取文件,初始化annotationPostProcessor的时间为：9
2021-03-21 18:34:14.367 [main] INFO  e.g.m.p.facory.AnnoationPostProcessorFactory - 读取文件,初始化annotationPostProcessor的时间为：5
2021-03-21 23:52:34.662 [main] INFO  e.g.m.p.facory.AnnoationPostProcessorFactory - 读取文件,初始化annotationPostProcessor的时间为：6
2021-03-21 23:52:40.457 [main] INFO  e.g.m.p.facory.AnnoationPostProcessorFactory - 读取文件,初始化annotationPostProcessor的时间为：5
