2021-03-20 11:45:24.219 [main] INFO  e.g.m.p.facory.AnnoationPostProcessorFactory - 读取文件,初始化annotationPostProcessor的时间为：81
2021-03-20 11:48:33.244 [main] INFO  e.g.m.p.facory.AnnoationPostProcessorFactory - 读取文件,初始化annotationPostProcessor的时间为：13
2021-03-20 11:52:22.867 [main] INFO  e.g.m.p.facory.AnnoationPostProcessorFactory - 读取文件,初始化annotationPostProcessor的时间为：6
2021-03-20 11:53:31.166 [main] INFO  e.g.m.p.facory.AnnoationPostProcessorFactory - 读取文件,初始化annotationPostProcessor的时间为：4
2021-03-20 11:55:03.144 [main] INFO  e.g.m.p.facory.AnnoationPostProcessorFactory - 读取文件,初始化annotationPostProcessor的时间为：3
2021-03-20 11:55:22.358 [main] INFO  e.g.m.p.facory.AnnoationPostProcessorFactory - 读取文件,初始化annotationPostProcessor的时间为：4
2021-03-20 11:59:23.405 [main] INFO  e.g.m.p.facory.AnnoationPostProcessorFactory - 读取文件,初始化annotationPostProcessor的时间为：5
2021-03-20 12:05:50.808 [main] INFO  e.g.m.p.facory.AnnoationPostProcessorFactory - 读取文件,初始化annotationPostProcessor的时间为：4
2021-03-20 12:10:03.640 [main] INFO  e.g.m.p.facory.AnnoationPostProcessorFactory - 读取文件,初始化annotationPostProcessor的时间为：4
2021-03-20 12:17:01.046 [main] INFO  e.g.m.p.facory.AnnoationPostProcessorFactory - 读取文件,初始化annotationPostProcessor的时间为：4
2021-03-20 12:18:34.558 [main] INFO  e.g.m.p.facory.AnnoationPostProcessorFactory - 读取文件,初始化annotationPostProcessor的时间为：4
2021-03-20 12:21:21.285 [main] INFO  e.g.m.p.facory.AnnoationPostProcessorFactory - 读取文件,初始化annotationPostProcessor的时间为：4
2021-03-20 12:23:28.013 [main] INFO  e.g.m.p.facory.AnnoationPostProcessorFactory - 读取文件,初始化annotationPostProcessor的时间为：6
2021-03-20 12:25:30.560 [main] INFO  e.g.m.p.facory.AnnoationPostProcessorFactory - 读取文件,初始化annotationPostProcessor的时间为：4
2021-03-20 12:29:32.873 [main] INFO  e.g.m.p.facory.AnnoationPostProcessorFactory - 读取文件,初始化annotationPostProcessor的时间为：5
2021-03-20 12:30:57.537 [main] INFO  e.g.m.p.facory.AnnoationPostProcessorFactory - 读取文件,初始化annotationPostProcessor的时间为：4
2021-03-20 12:57:43.479 [main] INFO  e.g.m.p.facory.AnnoationPostProcessorFactory - 读取文件,初始化annotationPostProcessor的时间为：4
2021-03-20 13:01:14.848 [main] INFO  e.g.m.p.facory.AnnoationPostProcessorFactory - 读取文件,初始化annotationPostProcessor的时间为：4
2021-03-20 16:06:54.480 [main] INFO  edu.gdpu.spring.aop.framework.JDKAopProxy - 目标对象方法符合拦截规则，需进行增强
2021-03-20 16:10:05.763 [main] INFO  edu.gdpu.spring.aop.framework.JDKAopProxy - 目标对象方法符合拦截规则，需进行增强
2021-03-20 16:10:05.767 [main] INFO  edu.gdpu.spring.aop.framework.JDKAopProxy - 目标对象方法符合拦截规则，需进行增强
2021-03-20 16:10:05.767 [main] INFO  edu.gdpu.spring.aop.framework.JDKAopProxy - 目标对象方法符合拦截规则，需进行增强
2021-03-20 16:10:05.767 [main] INFO  edu.gdpu.spring.aop.framework.JDKAopProxy - 目标对象方法符合拦截规则，需进行增强
2021-03-20 23:23:00.924 [main] INFO  e.g.m.p.facory.AnnoationPostProcessorFactory - 读取文件,初始化annotationPostProcessor的时间为：1089
2021-03-20 23:23:00.986 [main] INFO  edu.gdpu.spring.core.util.BeanUtils - interface edu.gdpu.MySSM.test.iocAop.service.TestService is a interface,
返回对象类型为： class edu.gdpu.spring.beans.factory.InterfaceObject
2021-03-20 23:23:46.916 [main] INFO  e.g.m.p.facory.AnnoationPostProcessorFactory - 读取文件,初始化annotationPostProcessor的时间为：1009
2021-03-20 23:26:22.511 [main] INFO  e.g.m.p.facory.AnnoationPostProcessorFactory - 读取文件,初始化annotationPostProcessor的时间为：1008
2021-03-20 23:26:53.160 [main] INFO  e.g.m.p.facory.AnnoationPostProcessorFactory - 读取文件,初始化annotationPostProcessor的时间为：1009
2021-03-20 23:27:38.578 [main] INFO  e.g.m.p.facory.AnnoationPostProcessorFactory - 读取文件,初始化annotationPostProcessor的时间为：1008
2021-03-20 23:27:38.600 [main] INFO  e.g.m.beans.factory.MyDefaultListableBeanFactory -  ioc容器：
key = MyBean, value = edu.gdpu.MySSM.test.iocAop.MyBean@5b275dab
2021-03-20 23:27:38.601 [main] INFO  e.g.m.beans.factory.MyDefaultListableBeanFactory -  ioc容器：
key = testcontroller, value = edu.gdpu.MySSM.test.ioctest.controller.TestController@61832929
2021-03-20 23:27:38.601 [main] INFO  e.g.m.beans.factory.MyDefaultListableBeanFactory -  ioc容器：
key = testservice, value = edu.gdpu.MySSM.test.ioctest.service.TestService@29774679
2021-03-20 23:27:38.601 [main] INFO  e.g.m.beans.factory.MyDefaultListableBeanFactory -  ioc容器：
key = testconfiguration, value = edu.gdpu.MySSM.test.ioctest.config.TestConfiguration@3ffc5af1
2021-03-20 23:29:28.354 [main] INFO  e.g.m.p.facory.AnnoationPostProcessorFactory - 读取文件,初始化annotationPostProcessor的时间为：1007
2021-03-20 23:29:28.372 [main] INFO  e.g.m.beans.factory.MyDefaultListableBeanFactory -  ioc容器：
key = MyBean, value = edu.gdpu.MySSM.test.iocAop.MyBean@5b275dab
2021-03-20 23:29:28.373 [main] INFO  e.g.m.beans.factory.MyDefaultListableBeanFactory -  ioc容器：
key = testcontroller, value = edu.gdpu.MySSM.test.ioctest.controller.TestController@61832929
2021-03-20 23:29:28.373 [main] INFO  e.g.m.beans.factory.MyDefaultListableBeanFactory -  ioc容器：
key = testservice, value = edu.gdpu.MySSM.test.ioctest.service.TestService@29774679
2021-03-20 23:29:28.373 [main] INFO  e.g.m.beans.factory.MyDefaultListableBeanFactory -  ioc容器：
key = testconfiguration, value = edu.gdpu.MySSM.test.ioctest.config.TestConfiguration@3ffc5af1
2021-03-20 23:35:00.286 [main] INFO  e.g.m.p.facory.AnnoationPostProcessorFactory - 读取文件,初始化annotationPostProcessor的时间为：1007
2021-03-20 23:35:00.307 [main] INFO  e.g.m.beans.factory.MyDefaultListableBeanFactory -  ioc容器：
key = MyBean, value = edu.gdpu.MySSM.test.iocAop.MyBean@61832929
2021-03-20 23:35:00.307 [main] INFO  e.g.m.beans.factory.MyDefaultListableBeanFactory -  ioc容器：
key = testcontroller, value = edu.gdpu.MySSM.test.ioctest.controller.TestController@29774679
2021-03-20 23:35:00.308 [main] INFO  e.g.m.beans.factory.MyDefaultListableBeanFactory -  ioc容器：
key = testservice, value = edu.gdpu.MySSM.test.ioctest.service.TestService@5b275dab
2021-03-20 23:35:00.308 [main] INFO  e.g.m.beans.factory.MyDefaultListableBeanFactory -  ioc容器：
key = testconfiguration, value = edu.gdpu.MySSM.test.ioctest.config.TestConfiguration@3ffc5af1
2021-03-20 23:38:30.249 [main] INFO  e.g.m.p.facory.AnnoationPostProcessorFactory - 读取文件,初始化annotationPostProcessor的时间为：1007
2021-03-20 23:38:30.267 [main] INFO  e.g.m.beans.factory.MyDefaultListableBeanFactory -  ioc容器：
key = MyBean, value = edu.gdpu.MySSM.test.iocAop.MyBean@61832929
2021-03-20 23:38:30.267 [main] INFO  e.g.m.beans.factory.MyDefaultListableBeanFactory -  ioc容器：
key = testcontroller, value = edu.gdpu.MySSM.test.ioctest.controller.TestController@29774679
2021-03-20 23:38:30.267 [main] INFO  e.g.m.beans.factory.MyDefaultListableBeanFactory -  ioc容器：
key = testservice, value = edu.gdpu.MySSM.test.ioctest.service.TestService@5b275dab
2021-03-20 23:38:30.267 [main] INFO  e.g.m.beans.factory.MyDefaultListableBeanFactory -  ioc容器：
key = testconfiguration, value = edu.gdpu.MySSM.test.ioctest.config.TestConfiguration@3ffc5af1
2021-03-20 23:39:03.137 [main] INFO  e.g.m.p.facory.AnnoationPostProcessorFactory - 读取文件,初始化annotationPostProcessor的时间为：1007
2021-03-20 23:39:03.153 [main] INFO  e.g.m.beans.factory.MyDefaultListableBeanFactory -  ioc容器：
key = MyBean, value = edu.gdpu.MySSM.test.iocAop.MyBean@61832929
2021-03-20 23:39:03.153 [main] INFO  e.g.m.beans.factory.MyDefaultListableBeanFactory -  ioc容器：
key = testcontroller, value = edu.gdpu.MySSM.test.ioctest.controller.TestController@29774679
2021-03-20 23:39:03.153 [main] INFO  e.g.m.beans.factory.MyDefaultListableBeanFactory -  ioc容器：
key = testservice, value = edu.gdpu.MySSM.test.ioctest.service.TestService@5b275dab
2021-03-20 23:39:03.154 [main] INFO  e.g.m.beans.factory.MyDefaultListableBeanFactory -  ioc容器：
key = testconfiguration, value = edu.gdpu.MySSM.test.ioctest.config.TestConfiguration@3ffc5af1
2021-03-20 23:40:29.562 [main] INFO  e.g.m.p.facory.AnnoationPostProcessorFactory - 读取文件,初始化annotationPostProcessor的时间为：1006
2021-03-20 23:40:29.586 [main] INFO  e.g.m.beans.factory.MyDefaultListableBeanFactory -  ioc容器：
key = MyBean, value = edu.gdpu.MySSM.test.ioctest.MyBean@5b275dab
2021-03-20 23:40:29.587 [main] INFO  e.g.m.beans.factory.MyDefaultListableBeanFactory -  ioc容器：
key = testcontroller, value = edu.gdpu.MySSM.test.ioctest.controller.TestController@61832929
2021-03-20 23:40:29.587 [main] INFO  e.g.m.beans.factory.MyDefaultListableBeanFactory -  ioc容器：
key = testservice, value = edu.gdpu.MySSM.test.ioctest.service.TestService@523884b2
2021-03-20 23:40:29.587 [main] INFO  e.g.m.beans.factory.MyDefaultListableBeanFactory -  ioc容器：
key = testconfiguration, value = edu.gdpu.MySSM.test.ioctest.config.TestConfiguration@29774679
2021-03-20 23:42:14.029 [main] INFO  e.g.m.p.facory.AnnoationPostProcessorFactory - 读取文件,初始化annotationPostProcessor的时间为：1007
2021-03-20 23:42:14.049 [main] INFO  e.g.m.beans.factory.MyDefaultListableBeanFactory -  ioc容器：
key = MyBean, value = edu.gdpu.MySSM.test.iocAop.MyBean@68c4039c
2021-03-20 23:42:14.050 [main] INFO  e.g.m.beans.factory.MyDefaultListableBeanFactory -  ioc容器：
key = testcontroller, value = edu.gdpu.MySSM.test.iocAop.contrller.TestController@ae45eb6
2021-03-20 23:42:14.050 [main] INFO  e.g.m.beans.factory.MyDefaultListableBeanFactory -  ioc容器：
key = myaspect, value = edu.gdpu.MySSM.test.iocAop.aspect.MyAspect@59f99ea
2021-03-20 23:42:14.050 [main] INFO  e.g.m.beans.factory.MyDefaultListableBeanFactory -  ioc容器：
key = testservice, value = edu.gdpu.MySSM.test.iocAop.service.impl.TestServiceImpl@27efef64
2021-03-20 23:42:14.050 [main] INFO  e.g.m.beans.factory.MyDefaultListableBeanFactory -  ioc容器：
key = testconfiguration, value = edu.gdpu.MySSM.test.iocAop.config.TestConfiguration@6f7fd0e6
2021-03-20 23:43:09.391 [main] INFO  e.g.m.p.facory.AnnoationPostProcessorFactory - 读取文件,初始化annotationPostProcessor的时间为：1006
2021-03-20 23:43:09.415 [main] INFO  e.g.m.beans.factory.MyDefaultListableBeanFactory -  ioc容器：
key = MyBean, value = edu.gdpu.MySSM.test.iocAop.MyBean@68c4039c
2021-03-20 23:43:09.415 [main] INFO  e.g.m.beans.factory.MyDefaultListableBeanFactory -  ioc容器：
key = testcontroller, value = edu.gdpu.MySSM.test.iocAop.contrller.TestController@ae45eb6
2021-03-20 23:43:09.415 [main] INFO  e.g.m.beans.factory.MyDefaultListableBeanFactory -  ioc容器：
key = myaspect, value = edu.gdpu.MySSM.test.iocAop.aspect.MyAspect@59f99ea
2021-03-20 23:43:09.415 [main] INFO  e.g.m.beans.factory.MyDefaultListableBeanFactory -  ioc容器：
key = testservice, value = edu.gdpu.MySSM.test.iocAop.service.impl.TestServiceImpl@27efef64
2021-03-20 23:43:09.415 [main] INFO  e.g.m.beans.factory.MyDefaultListableBeanFactory -  ioc容器：
key = testconfiguration, value = edu.gdpu.MySSM.test.iocAop.config.TestConfiguration@6f7fd0e6
2021-03-20 23:45:24.157 [main] INFO  e.g.m.p.facory.AnnoationPostProcessorFactory - 读取文件,初始化annotationPostProcessor的时间为：1016
2021-03-20 23:45:24.191 [main] INFO  e.g.m.beans.factory.MyDefaultListableBeanFactory -  ioc容器：
key = MyBean, value = edu.gdpu.MySSM.test.iocAop.MyBean@68c4039c
2021-03-20 23:45:24.191 [main] INFO  e.g.m.beans.factory.MyDefaultListableBeanFactory -  ioc容器：
key = testcontroller, value = edu.gdpu.MySSM.test.iocAop.contrller.TestController@ae45eb6
2021-03-20 23:45:24.191 [main] INFO  e.g.m.beans.factory.MyDefaultListableBeanFactory -  ioc容器：
key = myaspect, value = edu.gdpu.MySSM.test.iocAop.aspect.MyAspect@59f99ea
2021-03-20 23:45:24.191 [main] INFO  e.g.m.beans.factory.MyDefaultListableBeanFactory -  ioc容器：
key = testservice, value = edu.gdpu.MySSM.test.iocAop.service.impl.TestServiceImpl@27efef64
2021-03-20 23:45:24.191 [main] INFO  e.g.m.beans.factory.MyDefaultListableBeanFactory -  ioc容器：
key = testconfiguration, value = edu.gdpu.MySSM.test.iocAop.config.TestConfiguration@6f7fd0e6
2021-03-20 23:45:47.220 [main] INFO  e.g.m.p.facory.AnnoationPostProcessorFactory - 读取文件,初始化annotationPostProcessor的时间为：1006
2021-03-20 23:45:47.254 [main] INFO  e.g.m.beans.factory.MyDefaultListableBeanFactory -  ioc容器：
key = MyBean, value = edu.gdpu.MySSM.test.iocAop.MyBean@68c4039c
2021-03-20 23:45:47.255 [main] INFO  e.g.m.beans.factory.MyDefaultListableBeanFactory -  ioc容器：
key = testcontroller, value = edu.gdpu.MySSM.test.iocAop.contrller.TestController@ae45eb6
2021-03-20 23:45:47.255 [main] INFO  e.g.m.beans.factory.MyDefaultListableBeanFactory -  ioc容器：
key = myaspect, value = edu.gdpu.MySSM.test.iocAop.aspect.MyAspect@59f99ea
2021-03-20 23:45:47.255 [main] INFO  e.g.m.beans.factory.MyDefaultListableBeanFactory -  ioc容器：
key = testservice, value = edu.gdpu.MySSM.test.iocAop.service.impl.TestServiceImpl@27efef64
2021-03-20 23:45:47.255 [main] INFO  e.g.m.beans.factory.MyDefaultListableBeanFactory -  ioc容器：
key = testconfiguration, value = edu.gdpu.MySSM.test.iocAop.config.TestConfiguration@6f7fd0e6
2021-03-20 23:47:08.762 [main] INFO  e.g.m.p.facory.AnnoationPostProcessorFactory - 读取文件,初始化annotationPostProcessor的时间为：1006
2021-03-20 23:47:08.788 [main] INFO  e.g.m.beans.factory.MyDefaultListableBeanFactory -  ioc容器：
key = MyBean, value = edu.gdpu.MySSM.test.iocAop.MyBean@68c4039c
2021-03-20 23:47:08.788 [main] INFO  e.g.m.beans.factory.MyDefaultListableBeanFactory -  ioc容器：
key = testcontroller, value = edu.gdpu.MySSM.test.iocAop.contrller.TestController@ae45eb6
2021-03-20 23:47:08.788 [main] INFO  e.g.m.beans.factory.MyDefaultListableBeanFactory -  ioc容器：
key = myaspect, value = edu.gdpu.MySSM.test.iocAop.aspect.MyAspect@59f99ea
2021-03-20 23:47:08.789 [main] INFO  e.g.m.beans.factory.MyDefaultListableBeanFactory -  ioc容器：
key = testservice, value = edu.gdpu.MySSM.test.iocAop.service.impl.TestServiceImpl@27efef64
2021-03-20 23:47:08.789 [main] INFO  e.g.m.beans.factory.MyDefaultListableBeanFactory -  ioc容器：
key = testconfiguration, value = edu.gdpu.MySSM.test.iocAop.config.TestConfiguration@6f7fd0e6
2021-03-20 23:50:15.888 [main] INFO  e.g.m.p.facory.AnnoationPostProcessorFactory - 读取文件,初始化annotationPostProcessor的时间为：1008
2021-03-20 23:50:15.912 [main] INFO  e.g.m.beans.factory.MyDefaultListableBeanFactory -  ioc容器：
key = MyBean, value = edu.gdpu.MySSM.test.iocAop.MyBean@68c4039c
2021-03-20 23:50:15.912 [main] INFO  e.g.m.beans.factory.MyDefaultListableBeanFactory -  ioc容器：
key = testcontroller, value = edu.gdpu.MySSM.test.iocAop.contrller.TestController@ae45eb6
2021-03-20 23:50:15.912 [main] INFO  e.g.m.beans.factory.MyDefaultListableBeanFactory -  ioc容器：
key = myaspect, value = edu.gdpu.MySSM.test.iocAop.aspect.MyAspect@59f99ea
2021-03-20 23:50:15.912 [main] INFO  e.g.m.beans.factory.MyDefaultListableBeanFactory -  ioc容器：
key = testservice, value = edu.gdpu.MySSM.test.iocAop.service.impl.TestServiceImpl@27efef64
2021-03-20 23:50:15.912 [main] INFO  e.g.m.beans.factory.MyDefaultListableBeanFactory -  ioc容器：
key = testconfiguration, value = edu.gdpu.MySSM.test.iocAop.config.TestConfiguration@6f7fd0e6
2021-03-20 23:50:42.919 [main] INFO  e.g.m.p.facory.AnnoationPostProcessorFactory - 读取文件,初始化annotationPostProcessor的时间为：1007
2021-03-20 23:50:42.946 [main] INFO  e.g.m.beans.factory.MyDefaultListableBeanFactory -  ioc容器：
key = MyBean, value = edu.gdpu.MySSM.test.iocAop.MyBean@68c4039c
2021-03-20 23:50:42.947 [main] INFO  e.g.m.beans.factory.MyDefaultListableBeanFactory -  ioc容器：
key = testcontroller, value = edu.gdpu.MySSM.test.iocAop.contrller.TestController@ae45eb6
2021-03-20 23:50:42.947 [main] INFO  e.g.m.beans.factory.MyDefaultListableBeanFactory -  ioc容器：
key = myaspect, value = edu.gdpu.MySSM.test.iocAop.aspect.MyAspect@59f99ea
2021-03-20 23:50:42.947 [main] INFO  e.g.m.beans.factory.MyDefaultListableBeanFactory -  ioc容器：
key = testservice, value = edu.gdpu.MySSM.test.iocAop.service.impl.TestServiceImpl@27efef64
2021-03-20 23:50:42.947 [main] INFO  e.g.m.beans.factory.MyDefaultListableBeanFactory -  ioc容器：
key = testconfiguration, value = edu.gdpu.MySSM.test.iocAop.config.TestConfiguration@6f7fd0e6
2021-03-20 23:51:18.808 [main] INFO  e.g.m.p.facory.AnnoationPostProcessorFactory - 读取文件,初始化annotationPostProcessor的时间为：1008
2021-03-20 23:51:18.827 [main] INFO  e.g.m.beans.factory.MyDefaultListableBeanFactory -  ioc容器：
key = MyBean, value = edu.gdpu.MySSM.test.iocAop.MyBean@68c4039c
2021-03-20 23:51:18.827 [main] INFO  e.g.m.beans.factory.MyDefaultListableBeanFactory -  ioc容器：
key = testcontroller, value = edu.gdpu.MySSM.test.iocAop.contrller.TestController@ae45eb6
2021-03-20 23:51:18.827 [main] INFO  e.g.m.beans.factory.MyDefaultListableBeanFactory -  ioc容器：
key = myaspect, value = edu.gdpu.MySSM.test.iocAop.aspect.MyAspect@59f99ea
2021-03-20 23:51:18.827 [main] INFO  e.g.m.beans.factory.MyDefaultListableBeanFactory -  ioc容器：
key = testservice, value = edu.gdpu.MySSM.test.iocAop.service.impl.TestServiceImpl@27efef64
2021-03-20 23:51:18.827 [main] INFO  e.g.m.beans.factory.MyDefaultListableBeanFactory -  ioc容器：
key = testconfiguration, value = edu.gdpu.MySSM.test.iocAop.config.TestConfiguration@6f7fd0e6
2021-03-20 23:53:00.389 [main] INFO  e.g.m.p.facory.AnnoationPostProcessorFactory - 读取文件,初始化annotationPostProcessor的时间为：1007
2021-03-20 23:53:25.483 [main] INFO  e.g.m.p.facory.AnnoationPostProcessorFactory - 读取文件,初始化annotationPostProcessor的时间为：1009
2021-03-20 23:55:16.413 [main] INFO  e.g.m.p.facory.AnnoationPostProcessorFactory - 读取文件,初始化annotationPostProcessor的时间为：1009
2021-03-20 23:55:35.298 [main] INFO  e.g.m.p.facory.AnnoationPostProcessorFactory - 读取文件,初始化annotationPostProcessor的时间为：1006
2021-03-20 23:56:51.953 [main] INFO  e.g.m.p.facory.AnnoationPostProcessorFactory - 读取文件,初始化annotationPostProcessor的时间为：1008
2021-03-20 23:57:42.975 [main] INFO  e.g.m.p.facory.AnnoationPostProcessorFactory - 读取文件,初始化annotationPostProcessor的时间为：1009
2021-03-20 23:58:23.806 [main] INFO  e.g.m.p.facory.AnnoationPostProcessorFactory - 读取文件,初始化annotationPostProcessor的时间为：1007
2021-03-20 23:58:39.960 [main] INFO  e.g.m.p.facory.AnnoationPostProcessorFactory - 读取文件,初始化annotationPostProcessor的时间为：1007
2021-03-20 23:59:12.368 [main] INFO  e.g.m.p.facory.AnnoationPostProcessorFactory - 读取文件,初始化annotationPostProcessor的时间为：1008
2021-03-20 23:59:52.813 [main] INFO  e.g.m.p.facory.AnnoationPostProcessorFactory - 读取文件,初始化annotationPostProcessor的时间为：1006
